2025-03-14T13:02:41.300 [File Watcher] INFO o.s.b.d.a.LocalDevToolsAutoConfiguration$RestartingClassPathChangeChangedEventListener - Restarting due to 1 class path change (0 additions, 0 deletions, 1 modification) 
2025-03-14T13:02:41.341 [Thread-116] INFO o.s.b.w.e.t.GracefulShutdown - Commencing graceful shutdown. Waiting for active requests to complete 
2025-03-14T13:02:41.345 [tomcat-shutdown] INFO o.a.c.h.Http11NioProtocol - Pausing ProtocolHandler ["http-nio-8080"] 
2025-03-14T13:02:41.353 [tomcat-shutdown] INFO o.s.b.w.e.t.GracefulShutdown - Graceful shutdown complete 
2025-03-14T13:02:41.354 [Thread-116] INFO o.a.c.h.Http11NioProtocol - Stopping ProtocolHandler ["http-nio-8080"] 
2025-03-14T13:02:41.370 [Thread-116] INFO c.z.h.HikariDataSource - HikariPool-7 - Shutdown initiated... 
2025-03-14T13:02:41.394 [Thread-116] INFO c.z.h.HikariDataSource - HikariPool-7 - Shutdown completed. 
2025-03-14T13:02:41.765 [restartedMain] INFO c.t.TasteApplication - Starting TasteApplication using Java 21.0.5 with PID 1556 (C:\factory\ws_sts4_4270\repo_taste\taste\bin\main started by i7C-56 in C:\factory\ws_sts4_4270\repo_taste\taste) 
2025-03-14T13:02:41.766 [restartedMain] INFO c.t.TasteApplication - No active profile set, falling back to 1 default profile: "default" 
2025-03-14T13:02:42.135 [restartedMain] INFO o.s.b.w.e.t.TomcatWebServer - Tomcat initialized with port 8080 (http) 
2025-03-14T13:02:42.138 [restartedMain] INFO o.a.c.h.Http11NioProtocol - Initializing ProtocolHandler ["http-nio-8080"] 
2025-03-14T13:02:42.138 [restartedMain] INFO o.a.c.c.StandardService - Starting service [Tomcat] 
2025-03-14T13:02:42.138 [restartedMain] INFO o.a.c.c.StandardEngine - Starting Servlet engine: [Apache Tomcat/10.1.36] 
2025-03-14T13:02:42.184 [restartedMain] INFO o.a.c.c.C.[.[.[/] - Initializing Spring embedded WebApplicationContext 
2025-03-14T13:02:42.184 [restartedMain] INFO o.s.b.w.s.c.ServletWebServerApplicationContext - Root WebApplicationContext: initialization completed in 416 ms 
2025-03-14T13:02:42.427 [restartedMain] INFO o.s.b.d.a.OptionalLiveReloadServer - LiveReload server is running on port 35729 
2025-03-14T13:02:42.441 [restartedMain] INFO o.a.c.h.Http11NioProtocol - Starting ProtocolHandler ["http-nio-8080"] 
2025-03-14T13:02:42.447 [restartedMain] INFO o.s.b.w.e.t.TomcatWebServer - Tomcat started on port 8080 (http) with context path '/' 
2025-03-14T13:02:42.454 [restartedMain] INFO c.t.TasteApplication - Started TasteApplication in 0.782 seconds (process running for 5277.101) 
2025-03-14T13:02:42.455 [restartedMain] INFO o.s.b.d.a.ConditionEvaluationDeltaLoggingListener - Condition evaluation unchanged 
2025-03-14T13:03:47.279 [http-nio-8080-exec-1] INFO o.a.c.c.C.[.[.[/] - Initializing Spring DispatcherServlet 'dispatcherServlet' 
2025-03-14T13:03:47.279 [http-nio-8080-exec-1] INFO o.s.w.s.DispatcherServlet - Initializing Servlet 'dispatcherServlet' 
2025-03-14T13:03:47.280 [http-nio-8080-exec-1] INFO o.s.w.s.DispatcherServlet - Completed initialization in 1 ms 
2025-03-14T13:03:49.619 [http-nio-8080-exec-3] INFO c.z.h.HikariDataSource - HikariPool-8 - Starting... 
2025-03-14T13:03:49.667 [http-nio-8080-exec-3] INFO c.z.h.p.HikariPool - HikariPool-8 - Added connection net.sf.log4jdbc.sql.jdbcapi.ConnectionSpy@27f34a3f 
2025-03-14T13:03:49.667 [http-nio-8080-exec-3] INFO c.z.h.HikariDataSource - HikariPool-8 - Start completed. 
2025-03-14T13:03:49.687 [http-nio-8080-exec-3] DEBUG j.sqltiming -  com.zaxxer.hikari.pool.ProxyPreparedStatement.execute(ProxyPreparedStatement.java:44)
71. SELECT COUNT(*)

		FROM codegroup a
		WHERE 1=1
 {executed in 18 msec} 
2025-03-14T13:03:49.688 [http-nio-8080-exec-3] INFO j.resultsettable - 
|---------|
|count(*) |
|---------|
|5        |
|---------|
 
2025-03-14T13:03:49.691 [http-nio-8080-exec-3] DEBUG j.sqltiming -  com.zaxxer.hikari.pool.ProxyPreparedStatement.execute(ProxyPreparedStatement.java:44)
71. SELECT

			a.ifcgseq,
			a.ifcgUseNy,
			a.ifcgCode,
			a.ifcgName,
			a.ifcgAnotherCode,
			a.ifcgDelNy

		FROM codegroup a
		WHERE 1=1

		ORDER BY a.ifcgseq DESC
 {executed in 2 msec} 
2025-03-14T13:03:49.694 [http-nio-8080-exec-3] INFO j.resultsettable - 
|--------|----------|---------|---------|----------------|----------|
|ifcgseq |ifcguseny |ifcgcode |ifcgname |ifcganothercode |ifcgdelny |
|--------|----------|---------|---------|----------------|----------|
|5       |[null]    |null     |null     |null            |[null]    |
|4       |[null]    |null     |null     |null            |[null]    |
|3       |1         |C1       |식사 종류    |CC1             |0         |
|2       |1         |B1       |나라별 음식   |BB1             |0         |
|1       |1         |A1       |선호하는 맛   |AA1             |0         |
|--------|----------|---------|---------|----------------|----------|
 
2025-03-14T13:04:27.761 [http-nio-8080-exec-1] DEBUG j.sqltiming -  com.zaxxer.hikari.pool.ProxyPreparedStatement.execute(ProxyPreparedStatement.java:44)
71. INSERT INTO codegroup(
		ifcgUseNy,
		ifcgCode,
		ifcgName,
		ifcgAnotherCode,
		ifcgDelNy
	) value(
		NULL,
	    NULL,
	    NULL,
	    NULL,
	    NULL
	)
 {executed in 17 msec} 
2025-03-14T13:05:14.444 [File Watcher] INFO o.s.b.d.a.LocalDevToolsAutoConfiguration$RestartingClassPathChangeChangedEventListener - Restarting due to 1 class path change (0 additions, 0 deletions, 1 modification) 
2025-03-14T13:05:14.446 [Thread-120] INFO o.s.b.w.e.t.GracefulShutdown - Commencing graceful shutdown. Waiting for active requests to complete 
2025-03-14T13:05:14.446 [tomcat-shutdown] INFO o.a.c.h.Http11NioProtocol - Pausing ProtocolHandler ["http-nio-8080"] 
2025-03-14T13:05:14.449 [tomcat-shutdown] INFO o.s.b.w.e.t.GracefulShutdown - Graceful shutdown complete 
2025-03-14T13:05:14.450 [Thread-120] INFO o.a.c.h.Http11NioProtocol - Stopping ProtocolHandler ["http-nio-8080"] 
2025-03-14T13:05:14.452 [Thread-120] INFO c.z.h.HikariDataSource - HikariPool-8 - Shutdown initiated... 
2025-03-14T13:05:14.458 [Thread-120] INFO c.z.h.HikariDataSource - HikariPool-8 - Shutdown completed. 
2025-03-14T13:05:14.687 [restartedMain] INFO c.t.TasteApplication - Starting TasteApplication using Java 21.0.5 with PID 1556 (C:\factory\ws_sts4_4270\repo_taste\taste\bin\main started by i7C-56 in C:\factory\ws_sts4_4270\repo_taste\taste) 
2025-03-14T13:05:14.687 [restartedMain] INFO c.t.TasteApplication - No active profile set, falling back to 1 default profile: "default" 
2025-03-14T13:05:15.040 [restartedMain] INFO o.s.b.w.e.t.TomcatWebServer - Tomcat initialized with port 8080 (http) 
2025-03-14T13:05:15.042 [restartedMain] INFO o.a.c.h.Http11NioProtocol - Initializing ProtocolHandler ["http-nio-8080"] 
2025-03-14T13:05:15.042 [restartedMain] INFO o.a.c.c.StandardService - Starting service [Tomcat] 
2025-03-14T13:05:15.042 [restartedMain] INFO o.a.c.c.StandardEngine - Starting Servlet engine: [Apache Tomcat/10.1.36] 
2025-03-14T13:05:15.061 [restartedMain] INFO o.a.c.c.C.[.[.[/] - Initializing Spring embedded WebApplicationContext 
2025-03-14T13:05:15.062 [restartedMain] INFO o.s.b.w.s.c.ServletWebServerApplicationContext - Root WebApplicationContext: initialization completed in 373 ms 
2025-03-14T13:05:15.354 [restartedMain] INFO o.s.b.d.a.OptionalLiveReloadServer - LiveReload server is running on port 35729 
2025-03-14T13:05:15.368 [restartedMain] INFO o.a.c.h.Http11NioProtocol - Starting ProtocolHandler ["http-nio-8080"] 
2025-03-14T13:05:15.372 [restartedMain] INFO o.s.b.w.e.t.TomcatWebServer - Tomcat started on port 8080 (http) with context path '/' 
2025-03-14T13:05:15.379 [restartedMain] INFO c.t.TasteApplication - Started TasteApplication in 0.875 seconds (process running for 5430.025) 
2025-03-14T13:05:15.381 [restartedMain] INFO o.s.b.d.a.ConditionEvaluationDeltaLoggingListener - Condition evaluation unchanged 
2025-03-14T13:05:16.466 [http-nio-8080-exec-1] INFO o.a.c.c.C.[.[.[/] - Initializing Spring DispatcherServlet 'dispatcherServlet' 
2025-03-14T13:05:16.467 [http-nio-8080-exec-1] INFO o.s.w.s.DispatcherServlet - Initializing Servlet 'dispatcherServlet' 
2025-03-14T13:05:16.468 [http-nio-8080-exec-1] INFO o.s.w.s.DispatcherServlet - Completed initialization in 0 ms 
2025-03-14T13:05:21.153 [http-nio-8080-exec-5] INFO c.z.h.HikariDataSource - HikariPool-9 - Starting... 
2025-03-14T13:05:21.176 [http-nio-8080-exec-5] INFO c.z.h.p.HikariPool - HikariPool-9 - Added connection net.sf.log4jdbc.sql.jdbcapi.ConnectionSpy@550d5887 
2025-03-14T13:05:21.176 [http-nio-8080-exec-5] INFO c.z.h.HikariDataSource - HikariPool-9 - Start completed. 
2025-03-14T13:05:21.183 [http-nio-8080-exec-5] DEBUG j.sqltiming -  com.zaxxer.hikari.pool.ProxyPreparedStatement.execute(ProxyPreparedStatement.java:44)
81. SELECT COUNT(*)

		FROM codegroup a
		WHERE 1=1
 {executed in 7 msec} 
2025-03-14T13:05:21.184 [http-nio-8080-exec-5] INFO j.resultsettable - 
|---------|
|count(*) |
|---------|
|6        |
|---------|
 
2025-03-14T13:05:21.187 [http-nio-8080-exec-5] DEBUG j.sqltiming -  com.zaxxer.hikari.pool.ProxyPreparedStatement.execute(ProxyPreparedStatement.java:44)
81. SELECT

			a.ifcgseq,
			a.ifcgUseNy,
			a.ifcgCode,
			a.ifcgName,
			a.ifcgAnotherCode,
			a.ifcgDelNy

		FROM codegroup a
		WHERE 1=1

		ORDER BY a.ifcgseq DESC
 {executed in 0 msec} 
2025-03-14T13:05:21.189 [http-nio-8080-exec-5] INFO j.resultsettable - 
|--------|----------|---------|---------|----------------|----------|
|ifcgseq |ifcguseny |ifcgcode |ifcgname |ifcganothercode |ifcgdelny |
|--------|----------|---------|---------|----------------|----------|
|6       |[null]    |null     |null     |null            |[null]    |
|5       |[null]    |null     |null     |null            |[null]    |
|4       |[null]    |null     |null     |null            |[null]    |
|3       |1         |C1       |식사 종류    |CC1             |0         |
|2       |1         |B1       |나라별 음식   |BB1             |0         |
|1       |1         |A1       |선호하는 맛   |AA1             |0         |
|--------|----------|---------|---------|----------------|----------|
 
2025-03-14T13:05:32.117 [http-nio-8080-exec-6] DEBUG j.sqltiming -  com.zaxxer.hikari.pool.ProxyPreparedStatement.execute(ProxyPreparedStatement.java:44)
81. INSERT INTO codegroup(
		ifcgUseNy,
		ifcgCode,
		ifcgName,
		ifcgAnotherCode,
		ifcgDelNy
	) values(
		NULL,
	    NULL,
	    NULL,
	    NULL,
	    NULL
	)
 {executed in 438 msec} 
2025-03-14T13:05:56.911 [File Watcher] INFO o.s.b.d.a.LocalDevToolsAutoConfiguration$RestartingClassPathChangeChangedEventListener - Restarting due to 1 class path change (0 additions, 0 deletions, 1 modification) 
2025-03-14T13:05:56.912 [Thread-124] INFO o.s.b.w.e.t.GracefulShutdown - Commencing graceful shutdown. Waiting for active requests to complete 
2025-03-14T13:05:56.912 [tomcat-shutdown] INFO o.a.c.h.Http11NioProtocol - Pausing ProtocolHandler ["http-nio-8080"] 
2025-03-14T13:05:56.915 [tomcat-shutdown] INFO o.s.b.w.e.t.GracefulShutdown - Graceful shutdown complete 
2025-03-14T13:05:56.915 [Thread-124] INFO o.a.c.h.Http11NioProtocol - Stopping ProtocolHandler ["http-nio-8080"] 
2025-03-14T13:05:56.917 [Thread-124] INFO c.z.h.HikariDataSource - HikariPool-9 - Shutdown initiated... 
2025-03-14T13:05:56.922 [Thread-124] INFO c.z.h.HikariDataSource - HikariPool-9 - Shutdown completed. 
2025-03-14T13:05:56.999 [restartedMain] INFO c.t.TasteApplication - Starting TasteApplication using Java 21.0.5 with PID 1556 (C:\factory\ws_sts4_4270\repo_taste\taste\bin\main started by i7C-56 in C:\factory\ws_sts4_4270\repo_taste\taste) 
2025-03-14T13:05:56.999 [restartedMain] INFO c.t.TasteApplication - No active profile set, falling back to 1 default profile: "default" 
2025-03-14T13:05:57.226 [restartedMain] INFO o.s.b.w.e.t.TomcatWebServer - Tomcat initialized with port 8080 (http) 
2025-03-14T13:05:57.227 [restartedMain] INFO o.a.c.h.Http11NioProtocol - Initializing ProtocolHandler ["http-nio-8080"] 
2025-03-14T13:05:57.227 [restartedMain] INFO o.a.c.c.StandardService - Starting service [Tomcat] 
2025-03-14T13:05:57.227 [restartedMain] INFO o.a.c.c.StandardEngine - Starting Servlet engine: [Apache Tomcat/10.1.36] 
2025-03-14T13:05:57.247 [restartedMain] INFO o.a.c.c.C.[.[.[/] - Initializing Spring embedded WebApplicationContext 
2025-03-14T13:05:57.247 [restartedMain] INFO o.s.b.w.s.c.ServletWebServerApplicationContext - Root WebApplicationContext: initialization completed in 246 ms 
2025-03-14T13:05:57.388 [restartedMain] INFO o.s.b.d.a.OptionalLiveReloadServer - LiveReload server is running on port 35729 
2025-03-14T13:05:57.396 [restartedMain] INFO o.a.c.h.Http11NioProtocol - Starting ProtocolHandler ["http-nio-8080"] 
2025-03-14T13:05:57.400 [restartedMain] INFO o.s.b.w.e.t.TomcatWebServer - Tomcat started on port 8080 (http) with context path '/' 
2025-03-14T13:05:57.404 [restartedMain] INFO c.t.TasteApplication - Started TasteApplication in 0.443 seconds (process running for 5472.05) 
2025-03-14T13:05:57.406 [restartedMain] INFO o.s.b.d.a.ConditionEvaluationDeltaLoggingListener - Condition evaluation unchanged 
2025-03-14T13:05:58.241 [http-nio-8080-exec-1] INFO o.a.c.c.C.[.[.[/] - Initializing Spring DispatcherServlet 'dispatcherServlet' 
2025-03-14T13:05:58.241 [http-nio-8080-exec-1] INFO o.s.w.s.DispatcherServlet - Initializing Servlet 'dispatcherServlet' 
2025-03-14T13:05:58.242 [http-nio-8080-exec-1] INFO o.s.w.s.DispatcherServlet - Completed initialization in 1 ms 
2025-03-14T13:06:39.184 [http-nio-8080-exec-3] INFO c.z.h.HikariDataSource - HikariPool-10 - Starting... 
2025-03-14T13:06:39.214 [http-nio-8080-exec-3] INFO c.z.h.p.HikariPool - HikariPool-10 - Added connection net.sf.log4jdbc.sql.jdbcapi.ConnectionSpy@3bafd98e 
2025-03-14T13:06:39.214 [http-nio-8080-exec-3] INFO c.z.h.HikariDataSource - HikariPool-10 - Start completed. 
2025-03-14T13:06:39.225 [http-nio-8080-exec-3] DEBUG j.sqltiming -  com.zaxxer.hikari.pool.ProxyPreparedStatement.execute(ProxyPreparedStatement.java:44)
91. INSERT INTO codegroup(
		ifcgUseNy,
		ifcgCode,
		ifcgName,
		ifcgAnotherCode,
		ifcgDelNy
	) values(
		NULL,
	    NULL,
	    NULL,
	    NULL,
	    NULL
	)
 {executed in 9 msec} 
