2025-03-14T14:03:51.892 [http-nio-8080-exec-1] DEBUG j.sqltiming -  com.zaxxer.hikari.pool.ProxyPreparedStatement.execute(ProxyPreparedStatement.java:44)
101. SELECT COUNT(*)

		FROM codegroup a
		WHERE 1=1
 {executed in 16 msec} 
2025-03-14T14:03:51.909 [http-nio-8080-exec-1] DEBUG j.sqltiming -  com.zaxxer.hikari.pool.ProxyPreparedStatement.execute(ProxyPreparedStatement.java:44)
101. SELECT

			a.ifcgseq,
			a.ifcgUseNy,
			a.ifcgCode,
			a.ifcgName,
			a.ifcgAnotherCode,
			a.ifcgDelNy

		FROM codegroup a
		WHERE 1=1

		ORDER BY a.ifcgseq DESC
 {executed in 1 msec} 
2025-03-14T14:04:09.348 [http-nio-8080-exec-7] DEBUG j.sqltiming -  com.zaxxer.hikari.pool.ProxyPreparedStatement.execute(ProxyPreparedStatement.java:44)
101. INSERT INTO codegroup(
		ifcgUseNy,
		ifcgCode,
		ifcgName,
		ifcgAnotherCode,
		ifcgDelNy
	) values(
		NULL,
	    NULL,
	    NULL,
	    NULL,
	    NULL
	)
 {executed in 18 msec} 
2025-03-14T14:07:53.180 [File Watcher] INFO o.s.b.d.a.LocalDevToolsAutoConfiguration$RestartingClassPathChangeChangedEventListener - Restarting due to 1 class path change (1 addition, 0 deletions, 0 modifications) 
2025-03-14T14:07:53.184 [Thread-128] INFO o.s.b.w.e.t.GracefulShutdown - Commencing graceful shutdown. Waiting for active requests to complete 
2025-03-14T14:07:53.186 [tomcat-shutdown] INFO o.a.c.h.Http11NioProtocol - Pausing ProtocolHandler ["http-nio-8080"] 
2025-03-14T14:07:53.193 [tomcat-shutdown] INFO o.s.b.w.e.t.GracefulShutdown - Graceful shutdown complete 
2025-03-14T14:07:53.194 [Thread-128] INFO o.a.c.h.Http11NioProtocol - Stopping ProtocolHandler ["http-nio-8080"] 
2025-03-14T14:07:53.198 [Thread-128] INFO c.z.h.HikariDataSource - HikariPool-10 - Shutdown initiated... 
2025-03-14T14:07:53.206 [Thread-128] INFO c.z.h.HikariDataSource - HikariPool-10 - Shutdown completed. 
2025-03-14T14:07:53.368 [restartedMain] INFO c.t.TasteApplication - Starting TasteApplication using Java 21.0.5 with PID 1556 (C:\factory\ws_sts4_4270\repo_taste\taste\bin\main started by i7C-56 in C:\factory\ws_sts4_4270\repo_taste\taste) 
2025-03-14T14:07:53.369 [restartedMain] INFO c.t.TasteApplication - No active profile set, falling back to 1 default profile: "default" 
2025-03-14T14:07:53.896 [restartedMain] INFO o.s.b.w.e.t.TomcatWebServer - Tomcat initialized with port 8080 (http) 
2025-03-14T14:07:53.900 [restartedMain] INFO o.a.c.h.Http11NioProtocol - Initializing ProtocolHandler ["http-nio-8080"] 
2025-03-14T14:07:53.900 [restartedMain] INFO o.a.c.c.StandardService - Starting service [Tomcat] 
2025-03-14T14:07:53.901 [restartedMain] INFO o.a.c.c.StandardEngine - Starting Servlet engine: [Apache Tomcat/10.1.36] 
2025-03-14T14:07:53.926 [restartedMain] INFO o.a.c.c.C.[.[.[/] - Initializing Spring embedded WebApplicationContext 
2025-03-14T14:07:53.926 [restartedMain] INFO o.s.b.w.s.c.ServletWebServerApplicationContext - Root WebApplicationContext: initialization completed in 551 ms 
2025-03-14T14:07:54.180 [restartedMain] INFO o.s.b.d.a.OptionalLiveReloadServer - LiveReload server is running on port 35729 
2025-03-14T14:07:54.191 [restartedMain] INFO o.a.c.h.Http11NioProtocol - Starting ProtocolHandler ["http-nio-8080"] 
2025-03-14T14:07:54.198 [restartedMain] INFO o.s.b.w.e.t.TomcatWebServer - Tomcat started on port 8080 (http) with context path '/' 
2025-03-14T14:07:54.205 [restartedMain] INFO c.t.TasteApplication - Started TasteApplication in 0.937 seconds (process running for 9188.852) 
2025-03-14T14:07:54.207 [restartedMain] INFO o.s.b.d.a.ConditionEvaluationDeltaLoggingListener - Condition evaluation unchanged 
2025-03-14T14:09:11.287 [File Watcher] INFO o.s.b.d.a.LocalDevToolsAutoConfiguration$RestartingClassPathChangeChangedEventListener - Restarting due to 1 class path change (0 additions, 0 deletions, 1 modification) 
2025-03-14T14:09:11.288 [Thread-132] INFO o.s.b.w.e.t.GracefulShutdown - Commencing graceful shutdown. Waiting for active requests to complete 
2025-03-14T14:09:11.289 [tomcat-shutdown] INFO o.a.c.h.Http11NioProtocol - Pausing ProtocolHandler ["http-nio-8080"] 
2025-03-14T14:09:11.292 [tomcat-shutdown] INFO o.s.b.w.e.t.GracefulShutdown - Graceful shutdown complete 
2025-03-14T14:09:11.292 [Thread-132] INFO o.a.c.h.Http11NioProtocol - Stopping ProtocolHandler ["http-nio-8080"] 
2025-03-14T14:09:11.380 [restartedMain] INFO c.t.TasteApplication - Starting TasteApplication using Java 21.0.5 with PID 1556 (C:\factory\ws_sts4_4270\repo_taste\taste\bin\main started by i7C-56 in C:\factory\ws_sts4_4270\repo_taste\taste) 
2025-03-14T14:09:11.381 [restartedMain] INFO c.t.TasteApplication - No active profile set, falling back to 1 default profile: "default" 
2025-03-14T14:09:11.642 [restartedMain] INFO o.s.b.w.e.t.TomcatWebServer - Tomcat initialized with port 8080 (http) 
2025-03-14T14:09:11.645 [restartedMain] INFO o.a.c.h.Http11NioProtocol - Initializing ProtocolHandler ["http-nio-8080"] 
2025-03-14T14:09:11.645 [restartedMain] INFO o.a.c.c.StandardService - Starting service [Tomcat] 
2025-03-14T14:09:11.646 [restartedMain] INFO o.a.c.c.StandardEngine - Starting Servlet engine: [Apache Tomcat/10.1.36] 
2025-03-14T14:09:11.666 [restartedMain] INFO o.a.c.c.C.[.[.[/] - Initializing Spring embedded WebApplicationContext 
2025-03-14T14:09:11.666 [restartedMain] INFO o.s.b.w.s.c.ServletWebServerApplicationContext - Root WebApplicationContext: initialization completed in 283 ms 
2025-03-14T14:09:11.838 [restartedMain] INFO o.s.b.d.a.OptionalLiveReloadServer - LiveReload server is running on port 35729 
2025-03-14T14:09:11.848 [restartedMain] INFO o.a.c.h.Http11NioProtocol - Starting ProtocolHandler ["http-nio-8080"] 
2025-03-14T14:09:11.852 [restartedMain] INFO o.s.b.w.e.t.TomcatWebServer - Tomcat started on port 8080 (http) with context path '/' 
2025-03-14T14:09:11.857 [restartedMain] INFO c.t.TasteApplication - Started TasteApplication in 0.524 seconds (process running for 9266.504) 
2025-03-14T14:09:11.859 [restartedMain] INFO o.s.b.d.a.ConditionEvaluationDeltaLoggingListener - Condition evaluation unchanged 
2025-03-14T14:09:42.297 [File Watcher] INFO o.s.b.d.a.LocalDevToolsAutoConfiguration$RestartingClassPathChangeChangedEventListener - Restarting due to 1 class path change (0 additions, 0 deletions, 1 modification) 
2025-03-14T14:09:42.299 [Thread-136] INFO o.s.b.w.e.t.GracefulShutdown - Commencing graceful shutdown. Waiting for active requests to complete 
2025-03-14T14:09:42.299 [tomcat-shutdown] INFO o.a.c.h.Http11NioProtocol - Pausing ProtocolHandler ["http-nio-8080"] 
2025-03-14T14:09:42.302 [tomcat-shutdown] INFO o.s.b.w.e.t.GracefulShutdown - Graceful shutdown complete 
2025-03-14T14:09:42.302 [Thread-136] INFO o.a.c.h.Http11NioProtocol - Stopping ProtocolHandler ["http-nio-8080"] 
2025-03-14T14:09:42.377 [restartedMain] INFO c.t.TasteApplication - Starting TasteApplication using Java 21.0.5 with PID 1556 (C:\factory\ws_sts4_4270\repo_taste\taste\bin\main started by i7C-56 in C:\factory\ws_sts4_4270\repo_taste\taste) 
2025-03-14T14:09:42.378 [restartedMain] INFO c.t.TasteApplication - No active profile set, falling back to 1 default profile: "default" 
2025-03-14T14:09:42.821 [restartedMain] INFO o.s.b.w.e.t.TomcatWebServer - Tomcat initialized with port 8080 (http) 
2025-03-14T14:09:42.821 [restartedMain] INFO o.a.c.h.Http11NioProtocol - Initializing ProtocolHandler ["http-nio-8080"] 
2025-03-14T14:09:42.822 [restartedMain] INFO o.a.c.c.StandardService - Starting service [Tomcat] 
2025-03-14T14:09:42.822 [restartedMain] INFO o.a.c.c.StandardEngine - Starting Servlet engine: [Apache Tomcat/10.1.36] 
2025-03-14T14:09:42.842 [restartedMain] INFO o.a.c.c.C.[.[.[/] - Initializing Spring embedded WebApplicationContext 
2025-03-14T14:09:42.843 [restartedMain] INFO o.s.b.w.s.c.ServletWebServerApplicationContext - Root WebApplicationContext: initialization completed in 463 ms 
2025-03-14T14:09:42.973 [restartedMain] INFO o.s.b.d.a.OptionalLiveReloadServer - LiveReload server is running on port 35729 
2025-03-14T14:09:42.982 [restartedMain] INFO o.a.c.h.Http11NioProtocol - Starting ProtocolHandler ["http-nio-8080"] 
2025-03-14T14:09:42.986 [restartedMain] INFO o.s.b.w.e.t.TomcatWebServer - Tomcat started on port 8080 (http) with context path '/' 
2025-03-14T14:09:42.989 [restartedMain] INFO c.t.TasteApplication - Started TasteApplication in 0.646 seconds (process running for 9297.636) 
2025-03-14T14:09:42.991 [restartedMain] INFO o.s.b.d.a.ConditionEvaluationDeltaLoggingListener - Condition evaluation unchanged 
2025-03-14T14:20:16.834 [File Watcher] INFO o.s.b.d.a.LocalDevToolsAutoConfiguration$RestartingClassPathChangeChangedEventListener - Restarting due to 1 class path change (0 additions, 0 deletions, 1 modification) 
2025-03-14T14:20:16.849 [Thread-140] INFO o.s.b.w.e.t.GracefulShutdown - Commencing graceful shutdown. Waiting for active requests to complete 
2025-03-14T14:20:16.853 [tomcat-shutdown] INFO o.a.c.h.Http11NioProtocol - Pausing ProtocolHandler ["http-nio-8080"] 
2025-03-14T14:20:16.858 [tomcat-shutdown] INFO o.s.b.w.e.t.GracefulShutdown - Graceful shutdown complete 
2025-03-14T14:20:16.859 [Thread-140] INFO o.a.c.h.Http11NioProtocol - Stopping ProtocolHandler ["http-nio-8080"] 
2025-03-14T14:20:17.063 [restartedMain] INFO c.t.TasteApplication - Starting TasteApplication using Java 21.0.5 with PID 1556 (C:\factory\ws_sts4_4270\repo_taste\taste\bin\main started by i7C-56 in C:\factory\ws_sts4_4270\repo_taste\taste) 
2025-03-14T14:20:17.126 [restartedMain] INFO c.t.TasteApplication - No active profile set, falling back to 1 default profile: "default" 
2025-03-14T14:20:17.568 [restartedMain] INFO o.s.b.w.e.t.TomcatWebServer - Tomcat initialized with port 8080 (http) 
2025-03-14T14:20:17.570 [restartedMain] INFO o.a.c.h.Http11NioProtocol - Initializing ProtocolHandler ["http-nio-8080"] 
2025-03-14T14:20:17.571 [restartedMain] INFO o.a.c.c.StandardService - Starting service [Tomcat] 
2025-03-14T14:20:17.571 [restartedMain] INFO o.a.c.c.StandardEngine - Starting Servlet engine: [Apache Tomcat/10.1.36] 
2025-03-14T14:20:17.594 [restartedMain] INFO o.a.c.c.C.[.[.[/] - Initializing Spring embedded WebApplicationContext 
2025-03-14T14:20:17.594 [restartedMain] INFO o.s.b.w.s.c.ServletWebServerApplicationContext - Root WebApplicationContext: initialization completed in 462 ms 
2025-03-14T14:20:17.815 [restartedMain] INFO o.s.b.d.a.OptionalLiveReloadServer - LiveReload server is running on port 35729 
2025-03-14T14:20:17.829 [restartedMain] INFO o.a.c.h.Http11NioProtocol - Starting ProtocolHandler ["http-nio-8080"] 
2025-03-14T14:20:17.833 [restartedMain] INFO o.s.b.w.e.t.TomcatWebServer - Tomcat started on port 8080 (http) with context path '/' 
2025-03-14T14:20:17.839 [restartedMain] INFO c.t.TasteApplication - Started TasteApplication in 0.904 seconds (process running for 9932.486) 
2025-03-14T14:20:17.842 [restartedMain] INFO o.s.b.d.a.ConditionEvaluationDeltaLoggingListener - Condition evaluation unchanged 
2025-03-14T14:20:57.722 [File Watcher] INFO o.s.b.d.a.LocalDevToolsAutoConfiguration$RestartingClassPathChangeChangedEventListener - Restarting due to 1 class path change (0 additions, 0 deletions, 1 modification) 
2025-03-14T14:20:57.724 [Thread-144] INFO o.s.b.w.e.t.GracefulShutdown - Commencing graceful shutdown. Waiting for active requests to complete 
2025-03-14T14:20:57.724 [tomcat-shutdown] INFO o.a.c.h.Http11NioProtocol - Pausing ProtocolHandler ["http-nio-8080"] 
2025-03-14T14:20:57.727 [tomcat-shutdown] INFO o.s.b.w.e.t.GracefulShutdown - Graceful shutdown complete 
2025-03-14T14:20:57.727 [Thread-144] INFO o.a.c.h.Http11NioProtocol - Stopping ProtocolHandler ["http-nio-8080"] 
2025-03-14T14:20:57.815 [restartedMain] INFO c.t.TasteApplication - Starting TasteApplication using Java 21.0.5 with PID 1556 (C:\factory\ws_sts4_4270\repo_taste\taste\bin\main started by i7C-56 in C:\factory\ws_sts4_4270\repo_taste\taste) 
2025-03-14T14:20:57.815 [restartedMain] INFO c.t.TasteApplication - No active profile set, falling back to 1 default profile: "default" 
2025-03-14T14:20:58.069 [restartedMain] INFO o.s.b.w.e.t.TomcatWebServer - Tomcat initialized with port 8080 (http) 
2025-03-14T14:20:58.070 [restartedMain] INFO o.a.c.h.Http11NioProtocol - Initializing ProtocolHandler ["http-nio-8080"] 
2025-03-14T14:20:58.071 [restartedMain] INFO o.a.c.c.StandardService - Starting service [Tomcat] 
2025-03-14T14:20:58.071 [restartedMain] INFO o.a.c.c.StandardEngine - Starting Servlet engine: [Apache Tomcat/10.1.36] 
2025-03-14T14:20:58.090 [restartedMain] INFO o.a.c.c.C.[.[.[/] - Initializing Spring embedded WebApplicationContext 
2025-03-14T14:20:58.091 [restartedMain] INFO o.s.b.w.s.c.ServletWebServerApplicationContext - Root WebApplicationContext: initialization completed in 273 ms 
2025-03-14T14:20:58.225 [restartedMain] INFO o.s.b.d.a.OptionalLiveReloadServer - LiveReload server is running on port 35729 
2025-03-14T14:20:58.234 [restartedMain] INFO o.a.c.h.Http11NioProtocol - Starting ProtocolHandler ["http-nio-8080"] 
2025-03-14T14:20:58.237 [restartedMain] INFO o.s.b.w.e.t.TomcatWebServer - Tomcat started on port 8080 (http) with context path '/' 
2025-03-14T14:20:58.242 [restartedMain] INFO c.t.TasteApplication - Started TasteApplication in 0.474 seconds (process running for 9972.889) 
2025-03-14T14:20:58.244 [restartedMain] INFO o.s.b.d.a.ConditionEvaluationDeltaLoggingListener - Condition evaluation unchanged 
2025-03-14T14:22:14.138 [File Watcher] INFO o.s.b.d.a.LocalDevToolsAutoConfiguration$RestartingClassPathChangeChangedEventListener - Restarting due to 1 class path change (0 additions, 0 deletions, 1 modification) 
2025-03-14T14:22:14.140 [Thread-148] INFO o.s.b.w.e.t.GracefulShutdown - Commencing graceful shutdown. Waiting for active requests to complete 
2025-03-14T14:22:14.141 [tomcat-shutdown] INFO o.a.c.h.Http11NioProtocol - Pausing ProtocolHandler ["http-nio-8080"] 
2025-03-14T14:22:14.144 [tomcat-shutdown] INFO o.s.b.w.e.t.GracefulShutdown - Graceful shutdown complete 
2025-03-14T14:22:14.144 [Thread-148] INFO o.a.c.h.Http11NioProtocol - Stopping ProtocolHandler ["http-nio-8080"] 
2025-03-14T14:22:14.226 [restartedMain] INFO c.t.TasteApplication - Starting TasteApplication using Java 21.0.5 with PID 1556 (C:\factory\ws_sts4_4270\repo_taste\taste\bin\main started by i7C-56 in C:\factory\ws_sts4_4270\repo_taste\taste) 
2025-03-14T14:22:14.226 [restartedMain] INFO c.t.TasteApplication - No active profile set, falling back to 1 default profile: "default" 
2025-03-14T14:22:14.484 [restartedMain] INFO o.s.b.w.e.t.TomcatWebServer - Tomcat initialized with port 8080 (http) 
2025-03-14T14:22:14.486 [restartedMain] INFO o.a.c.h.Http11NioProtocol - Initializing ProtocolHandler ["http-nio-8080"] 
2025-03-14T14:22:14.486 [restartedMain] INFO o.a.c.c.StandardService - Starting service [Tomcat] 
2025-03-14T14:22:14.487 [restartedMain] INFO o.a.c.c.StandardEngine - Starting Servlet engine: [Apache Tomcat/10.1.36] 
2025-03-14T14:22:14.507 [restartedMain] INFO o.a.c.c.C.[.[.[/] - Initializing Spring embedded WebApplicationContext 
2025-03-14T14:22:14.507 [restartedMain] INFO o.s.b.w.s.c.ServletWebServerApplicationContext - Root WebApplicationContext: initialization completed in 279 ms 
2025-03-14T14:22:14.697 [restartedMain] INFO o.s.b.d.a.OptionalLiveReloadServer - LiveReload server is running on port 35729 
2025-03-14T14:22:14.706 [restartedMain] INFO o.a.c.h.Http11NioProtocol - Starting ProtocolHandler ["http-nio-8080"] 
2025-03-14T14:22:14.710 [restartedMain] INFO o.s.b.w.e.t.TomcatWebServer - Tomcat started on port 8080 (http) with context path '/' 
2025-03-14T14:22:14.715 [restartedMain] INFO c.t.TasteApplication - Started TasteApplication in 0.532 seconds (process running for 10049.362) 
2025-03-14T14:22:14.717 [restartedMain] INFO o.s.b.d.a.ConditionEvaluationDeltaLoggingListener - Condition evaluation unchanged 
2025-03-14T14:22:57.330 [File Watcher] INFO o.s.b.d.a.LocalDevToolsAutoConfiguration$RestartingClassPathChangeChangedEventListener - Restarting due to 1 class path change (0 additions, 0 deletions, 1 modification) 
2025-03-14T14:22:57.331 [Thread-152] INFO o.s.b.w.e.t.GracefulShutdown - Commencing graceful shutdown. Waiting for active requests to complete 
2025-03-14T14:22:57.332 [tomcat-shutdown] INFO o.a.c.h.Http11NioProtocol - Pausing ProtocolHandler ["http-nio-8080"] 
2025-03-14T14:22:57.334 [tomcat-shutdown] INFO o.s.b.w.e.t.GracefulShutdown - Graceful shutdown complete 
2025-03-14T14:22:57.334 [Thread-152] INFO o.a.c.h.Http11NioProtocol - Stopping ProtocolHandler ["http-nio-8080"] 
2025-03-14T14:22:57.410 [restartedMain] INFO c.t.TasteApplication - Starting TasteApplication using Java 21.0.5 with PID 1556 (C:\factory\ws_sts4_4270\repo_taste\taste\bin\main started by i7C-56 in C:\factory\ws_sts4_4270\repo_taste\taste) 
2025-03-14T14:22:57.410 [restartedMain] INFO c.t.TasteApplication - No active profile set, falling back to 1 default profile: "default" 
2025-03-14T14:22:57.637 [restartedMain] INFO o.s.b.w.e.t.TomcatWebServer - Tomcat initialized with port 8080 (http) 
2025-03-14T14:22:57.638 [restartedMain] INFO o.a.c.h.Http11NioProtocol - Initializing ProtocolHandler ["http-nio-8080"] 
2025-03-14T14:22:57.638 [restartedMain] INFO o.a.c.c.StandardService - Starting service [Tomcat] 
2025-03-14T14:22:57.638 [restartedMain] INFO o.a.c.c.StandardEngine - Starting Servlet engine: [Apache Tomcat/10.1.36] 
2025-03-14T14:22:57.654 [restartedMain] INFO o.a.c.c.C.[.[.[/] - Initializing Spring embedded WebApplicationContext 
2025-03-14T14:22:57.654 [restartedMain] INFO o.s.b.w.s.c.ServletWebServerApplicationContext - Root WebApplicationContext: initialization completed in 242 ms 
2025-03-14T14:22:57.797 [restartedMain] INFO o.s.b.d.a.OptionalLiveReloadServer - LiveReload server is running on port 35729 
2025-03-14T14:22:57.806 [restartedMain] INFO o.a.c.h.Http11NioProtocol - Starting ProtocolHandler ["http-nio-8080"] 
2025-03-14T14:22:57.810 [restartedMain] INFO o.s.b.w.e.t.TomcatWebServer - Tomcat started on port 8080 (http) with context path '/' 
2025-03-14T14:22:57.815 [restartedMain] INFO c.t.TasteApplication - Started TasteApplication in 0.44 seconds (process running for 10092.462) 
2025-03-14T14:22:57.816 [restartedMain] INFO o.s.b.d.a.ConditionEvaluationDeltaLoggingListener - Condition evaluation unchanged 
2025-03-14T14:24:37.581 [File Watcher] INFO o.s.b.d.a.LocalDevToolsAutoConfiguration$RestartingClassPathChangeChangedEventListener - Restarting due to 1 class path change (0 additions, 0 deletions, 1 modification) 
2025-03-14T14:24:37.583 [Thread-156] INFO o.s.b.w.e.t.GracefulShutdown - Commencing graceful shutdown. Waiting for active requests to complete 
2025-03-14T14:24:37.583 [tomcat-shutdown] INFO o.a.c.h.Http11NioProtocol - Pausing ProtocolHandler ["http-nio-8080"] 
2025-03-14T14:24:37.585 [tomcat-shutdown] INFO o.s.b.w.e.t.GracefulShutdown - Graceful shutdown complete 
2025-03-14T14:24:37.586 [Thread-156] INFO o.a.c.h.Http11NioProtocol - Stopping ProtocolHandler ["http-nio-8080"] 
2025-03-14T14:24:37.687 [restartedMain] INFO c.t.TasteApplication - Starting TasteApplication using Java 21.0.5 with PID 1556 (C:\factory\ws_sts4_4270\repo_taste\taste\bin\main started by i7C-56 in C:\factory\ws_sts4_4270\repo_taste\taste) 
2025-03-14T14:24:37.688 [restartedMain] INFO c.t.TasteApplication - No active profile set, falling back to 1 default profile: "default" 
2025-03-14T14:24:38.014 [restartedMain] INFO o.s.b.w.e.t.TomcatWebServer - Tomcat initialized with port 8080 (http) 
2025-03-14T14:24:38.016 [restartedMain] INFO o.a.c.h.Http11NioProtocol - Initializing ProtocolHandler ["http-nio-8080"] 
2025-03-14T14:24:38.017 [restartedMain] INFO o.a.c.c.StandardService - Starting service [Tomcat] 
2025-03-14T14:24:38.017 [restartedMain] INFO o.a.c.c.StandardEngine - Starting Servlet engine: [Apache Tomcat/10.1.36] 
2025-03-14T14:24:38.038 [restartedMain] INFO o.a.c.c.C.[.[.[/] - Initializing Spring embedded WebApplicationContext 
2025-03-14T14:24:38.038 [restartedMain] INFO o.s.b.w.s.c.ServletWebServerApplicationContext - Root WebApplicationContext: initialization completed in 347 ms 
2025-03-14T14:24:38.051 [restartedMain] WARN o.s.b.w.s.c.AnnotationConfigServletWebServerApplicationContext - Exception encountered during context initialization - cancelling refresh attempt: org.springframework.beans.factory.BeanCreationException: Error creating bean with name 'codeGroupCotroller': Lookup method resolution failed 
2025-03-14T14:24:38.052 [restartedMain] INFO o.a.c.c.StandardService - Stopping service [Tomcat] 
2025-03-14T14:24:38.056 [restartedMain] INFO o.s.b.a.l.ConditionEvaluationReportLogger - 

Error starting ApplicationContext. To display the condition evaluation report re-run your application with 'debug' enabled. 
2025-03-14T14:24:38.061 [restartedMain] ERROR o.s.b.SpringApplication - Application run failed 
org.springframework.beans.factory.BeanCreationException: Error creating bean with name 'codeGroupCotroller': Lookup method resolution failed
	at org.springframework.beans.factory.annotation.AutowiredAnnotationBeanPostProcessor.checkLookupMethods(AutowiredAnnotationBeanPostProcessor.java:498)
	at org.springframework.beans.factory.annotation.AutowiredAnnotationBeanPostProcessor.determineCandidateConstructors(AutowiredAnnotationBeanPostProcessor.java:368)
	at org.springframework.beans.factory.support.AbstractAutowireCapableBeanFactory.determineConstructorsFromBeanPostProcessors(AbstractAutowireCapableBeanFactory.java:1320)
	at org.springframework.beans.factory.support.AbstractAutowireCapableBeanFactory.createBeanInstance(AbstractAutowireCapableBeanFactory.java:1215)
	at org.springframework.beans.factory.support.AbstractAutowireCapableBeanFactory.doCreateBean(AbstractAutowireCapableBeanFactory.java:563)
	at org.springframework.beans.factory.support.AbstractAutowireCapableBeanFactory.createBean(AbstractAutowireCapableBeanFactory.java:523)
	at org.springframework.beans.factory.support.AbstractBeanFactory.lambda$doGetBean$0(AbstractBeanFactory.java:339)
	at org.springframework.beans.factory.support.DefaultSingletonBeanRegistry.getSingleton(DefaultSingletonBeanRegistry.java:346)
	at org.springframework.beans.factory.support.AbstractBeanFactory.doGetBean(AbstractBeanFactory.java:337)
	at org.springframework.beans.factory.support.AbstractBeanFactory.getBean(AbstractBeanFactory.java:202)
	at org.springframework.beans.factory.support.DefaultListableBeanFactory.instantiateSingleton(DefaultListableBeanFactory.java:1155)
	at org.springframework.beans.factory.support.DefaultListableBeanFactory.preInstantiateSingleton(DefaultListableBeanFactory.java:1121)
	at org.springframework.beans.factory.support.DefaultListableBeanFactory.preInstantiateSingletons(DefaultListableBeanFactory.java:1056)
	at org.springframework.context.support.AbstractApplicationContext.finishBeanFactoryInitialization(AbstractApplicationContext.java:987)
	at org.springframework.context.support.AbstractApplicationContext.refresh(AbstractApplicationContext.java:627)
	at org.springframework.boot.web.servlet.context.ServletWebServerApplicationContext.refresh(ServletWebServerApplicationContext.java:146)
	at org.springframework.boot.SpringApplication.refresh(SpringApplication.java:752)
	at org.springframework.boot.SpringApplication.refreshContext(SpringApplication.java:439)
	at org.springframework.boot.SpringApplication.run(SpringApplication.java:318)
	at org.springframework.boot.SpringApplication.run(SpringApplication.java:1361)
	at org.springframework.boot.SpringApplication.run(SpringApplication.java:1350)
	at com.taste.TasteApplication.main(TasteApplication.java:10)
	at java.base/jdk.internal.reflect.DirectMethodHandleAccessor.invoke(DirectMethodHandleAccessor.java:103)
	at java.base/java.lang.reflect.Method.invoke(Method.java:580)
	at org.springframework.boot.devtools.restart.RestartLauncher.run(RestartLauncher.java:50)
Caused by: java.lang.IllegalStateException: Failed to introspect Class [com.taste.module.codegroup.CodeGroupCotroller] from ClassLoader [org.springframework.boot.devtools.restart.classloader.RestartClassLoader@20ecb22f]
	at org.springframework.util.ReflectionUtils.getDeclaredMethods(ReflectionUtils.java:483)
	at org.springframework.util.ReflectionUtils.doWithLocalMethods(ReflectionUtils.java:320)
	at org.springframework.beans.factory.annotation.AutowiredAnnotationBeanPostProcessor.checkLookupMethods(AutowiredAnnotationBeanPostProcessor.java:476)
	... 24 common frames omitted
Caused by: java.lang.NoClassDefFoundError: CodeGroupVo
	at java.base/java.lang.Class.getDeclaredMethods0(Native Method)
	at java.base/java.lang.Class.privateGetDeclaredMethods(Class.java:3578)
	at java.base/java.lang.Class.getDeclaredMethods(Class.java:2676)
	at org.springframework.util.ReflectionUtils.getDeclaredMethods(ReflectionUtils.java:465)
	... 26 common frames omitted
Caused by: java.lang.ClassNotFoundException: CodeGroupVo
	at java.base/jdk.internal.loader.BuiltinClassLoader.loadClass(BuiltinClassLoader.java:641)
	at java.base/jdk.internal.loader.ClassLoaders$AppClassLoader.loadClass(ClassLoaders.java:188)
	at java.base/java.lang.ClassLoader.loadClass(ClassLoader.java:526)
	at java.base/java.lang.Class.forName0(Native Method)
	at java.base/java.lang.Class.forName(Class.java:534)
	at java.base/java.lang.Class.forName(Class.java:513)
	at org.springframework.boot.devtools.restart.classloader.RestartClassLoader.loadClass(RestartClassLoader.java:121)
	at java.base/java.lang.ClassLoader.loadClass(ClassLoader.java:526)
	... 30 common frames omitted
2025-03-14T14:25:49.743 [restartedMain] INFO c.t.TasteApplication - Starting TasteApplication using Java 21.0.5 with PID 1556 (C:\factory\ws_sts4_4270\repo_taste\taste\bin\main started by i7C-56 in C:\factory\ws_sts4_4270\repo_taste\taste) 
2025-03-14T14:25:49.744 [restartedMain] INFO c.t.TasteApplication - No active profile set, falling back to 1 default profile: "default" 
2025-03-14T14:25:50.033 [restartedMain] INFO o.s.b.w.e.t.TomcatWebServer - Tomcat initialized with port 8080 (http) 
2025-03-14T14:25:50.035 [restartedMain] INFO o.a.c.h.Http11NioProtocol - Initializing ProtocolHandler ["http-nio-8080"] 
2025-03-14T14:25:50.036 [restartedMain] INFO o.a.c.c.StandardService - Starting service [Tomcat] 
2025-03-14T14:25:50.036 [restartedMain] INFO o.a.c.c.StandardEngine - Starting Servlet engine: [Apache Tomcat/10.1.36] 
2025-03-14T14:25:50.056 [restartedMain] INFO o.a.c.c.C.[.[.[/] - Initializing Spring embedded WebApplicationContext 
2025-03-14T14:25:50.056 [restartedMain] INFO o.s.b.w.s.c.ServletWebServerApplicationContext - Root WebApplicationContext: initialization completed in 310 ms 
2025-03-14T14:25:50.233 [restartedMain] INFO o.s.b.d.a.OptionalLiveReloadServer - LiveReload server is running on port 35729 
2025-03-14T14:25:50.246 [restartedMain] INFO o.a.c.h.Http11NioProtocol - Starting ProtocolHandler ["http-nio-8080"] 
2025-03-14T14:25:50.250 [restartedMain] INFO o.s.b.w.e.t.TomcatWebServer - Tomcat started on port 8080 (http) with context path '/' 
2025-03-14T14:25:50.255 [restartedMain] INFO c.t.TasteApplication - Started TasteApplication in 0.555 seconds (process running for 10264.902) 
2025-03-14T14:25:50.257 [restartedMain] INFO o.s.b.d.a.ConditionEvaluationDeltaLoggingListener - Condition evaluation unchanged 
2025-03-14T14:26:27.743 [File Watcher] INFO o.s.b.d.a.LocalDevToolsAutoConfiguration$RestartingClassPathChangeChangedEventListener - Restarting due to 1 class path change (0 additions, 0 deletions, 1 modification) 
2025-03-14T14:26:27.744 [Thread-160] INFO o.s.b.w.e.t.GracefulShutdown - Commencing graceful shutdown. Waiting for active requests to complete 
2025-03-14T14:26:27.745 [tomcat-shutdown] INFO o.a.c.h.Http11NioProtocol - Pausing ProtocolHandler ["http-nio-8080"] 
2025-03-14T14:26:27.747 [tomcat-shutdown] INFO o.s.b.w.e.t.GracefulShutdown - Graceful shutdown complete 
2025-03-14T14:26:27.748 [Thread-160] INFO o.a.c.h.Http11NioProtocol - Stopping ProtocolHandler ["http-nio-8080"] 
2025-03-14T14:26:27.827 [restartedMain] INFO c.t.TasteApplication - Starting TasteApplication using Java 21.0.5 with PID 1556 (C:\factory\ws_sts4_4270\repo_taste\taste\bin\main started by i7C-56 in C:\factory\ws_sts4_4270\repo_taste\taste) 
2025-03-14T14:26:27.827 [restartedMain] INFO c.t.TasteApplication - No active profile set, falling back to 1 default profile: "default" 
2025-03-14T14:26:28.069 [restartedMain] INFO o.s.b.w.e.t.TomcatWebServer - Tomcat initialized with port 8080 (http) 
2025-03-14T14:26:28.070 [restartedMain] INFO o.a.c.h.Http11NioProtocol - Initializing ProtocolHandler ["http-nio-8080"] 
2025-03-14T14:26:28.070 [restartedMain] INFO o.a.c.c.StandardService - Starting service [Tomcat] 
2025-03-14T14:26:28.070 [restartedMain] INFO o.a.c.c.StandardEngine - Starting Servlet engine: [Apache Tomcat/10.1.36] 
2025-03-14T14:26:28.090 [restartedMain] INFO o.a.c.c.C.[.[.[/] - Initializing Spring embedded WebApplicationContext 
2025-03-14T14:26:28.091 [restartedMain] INFO o.s.b.w.s.c.ServletWebServerApplicationContext - Root WebApplicationContext: initialization completed in 261 ms 
2025-03-14T14:26:28.227 [restartedMain] INFO o.s.b.d.a.OptionalLiveReloadServer - LiveReload server is running on port 35729 
2025-03-14T14:26:28.239 [restartedMain] INFO o.a.c.h.Http11NioProtocol - Starting ProtocolHandler ["http-nio-8080"] 
2025-03-14T14:26:28.243 [restartedMain] INFO o.s.b.w.e.t.TomcatWebServer - Tomcat started on port 8080 (http) with context path '/' 
2025-03-14T14:26:28.253 [restartedMain] INFO c.t.TasteApplication - Started TasteApplication in 0.464 seconds (process running for 10302.899) 
2025-03-14T14:26:28.256 [restartedMain] INFO o.s.b.d.a.ConditionEvaluationDeltaLoggingListener - Condition evaluation unchanged 
2025-03-14T14:26:52.100 [File Watcher] INFO o.s.b.d.a.LocalDevToolsAutoConfiguration$RestartingClassPathChangeChangedEventListener - Restarting due to 1 class path change (0 additions, 0 deletions, 1 modification) 
2025-03-14T14:26:52.101 [Thread-167] INFO o.s.b.w.e.t.GracefulShutdown - Commencing graceful shutdown. Waiting for active requests to complete 
2025-03-14T14:26:52.101 [tomcat-shutdown] INFO o.a.c.h.Http11NioProtocol - Pausing ProtocolHandler ["http-nio-8080"] 
2025-03-14T14:26:52.104 [tomcat-shutdown] INFO o.s.b.w.e.t.GracefulShutdown - Graceful shutdown complete 
2025-03-14T14:26:52.104 [Thread-167] INFO o.a.c.h.Http11NioProtocol - Stopping ProtocolHandler ["http-nio-8080"] 
2025-03-14T14:26:52.183 [restartedMain] INFO c.t.TasteApplication - Starting TasteApplication using Java 21.0.5 with PID 1556 (C:\factory\ws_sts4_4270\repo_taste\taste\bin\main started by i7C-56 in C:\factory\ws_sts4_4270\repo_taste\taste) 
2025-03-14T14:26:52.183 [restartedMain] INFO c.t.TasteApplication - No active profile set, falling back to 1 default profile: "default" 
2025-03-14T14:26:52.438 [restartedMain] INFO o.s.b.w.e.t.TomcatWebServer - Tomcat initialized with port 8080 (http) 
2025-03-14T14:26:52.439 [restartedMain] INFO o.a.c.h.Http11NioProtocol - Initializing ProtocolHandler ["http-nio-8080"] 
2025-03-14T14:26:52.439 [restartedMain] INFO o.a.c.c.StandardService - Starting service [Tomcat] 
2025-03-14T14:26:52.439 [restartedMain] INFO o.a.c.c.StandardEngine - Starting Servlet engine: [Apache Tomcat/10.1.36] 
2025-03-14T14:26:52.458 [restartedMain] INFO o.a.c.c.C.[.[.[/] - Initializing Spring embedded WebApplicationContext 
2025-03-14T14:26:52.458 [restartedMain] INFO o.s.b.w.s.c.ServletWebServerApplicationContext - Root WebApplicationContext: initialization completed in 273 ms 
2025-03-14T14:26:52.591 [restartedMain] INFO o.s.b.d.a.OptionalLiveReloadServer - LiveReload server is running on port 35729 
2025-03-14T14:26:52.599 [restartedMain] INFO o.a.c.h.Http11NioProtocol - Starting ProtocolHandler ["http-nio-8080"] 
2025-03-14T14:26:52.603 [restartedMain] INFO o.s.b.w.e.t.TomcatWebServer - Tomcat started on port 8080 (http) with context path '/' 
2025-03-14T14:26:52.607 [restartedMain] INFO c.t.TasteApplication - Started TasteApplication in 0.46 seconds (process running for 10327.254) 
2025-03-14T14:26:52.609 [restartedMain] INFO o.s.b.d.a.ConditionEvaluationDeltaLoggingListener - Condition evaluation unchanged 
2025-03-14T14:28:59.720 [File Watcher] INFO o.s.b.d.a.LocalDevToolsAutoConfiguration$RestartingClassPathChangeChangedEventListener - Restarting due to 1 class path change (0 additions, 0 deletions, 1 modification) 
2025-03-14T14:28:59.722 [Thread-171] INFO o.s.b.w.e.t.GracefulShutdown - Commencing graceful shutdown. Waiting for active requests to complete 
2025-03-14T14:28:59.722 [tomcat-shutdown] INFO o.a.c.h.Http11NioProtocol - Pausing ProtocolHandler ["http-nio-8080"] 
2025-03-14T14:28:59.725 [tomcat-shutdown] INFO o.s.b.w.e.t.GracefulShutdown - Graceful shutdown complete 
2025-03-14T14:28:59.725 [Thread-171] INFO o.a.c.h.Http11NioProtocol - Stopping ProtocolHandler ["http-nio-8080"] 
2025-03-14T14:28:59.805 [restartedMain] INFO c.t.TasteApplication - Starting TasteApplication using Java 21.0.5 with PID 1556 (C:\factory\ws_sts4_4270\repo_taste\taste\bin\main started by i7C-56 in C:\factory\ws_sts4_4270\repo_taste\taste) 
2025-03-14T14:28:59.806 [restartedMain] INFO c.t.TasteApplication - No active profile set, falling back to 1 default profile: "default" 
2025-03-14T14:29:00.090 [restartedMain] INFO o.s.b.w.e.t.TomcatWebServer - Tomcat initialized with port 8080 (http) 
2025-03-14T14:29:00.092 [restartedMain] INFO o.a.c.h.Http11NioProtocol - Initializing ProtocolHandler ["http-nio-8080"] 
2025-03-14T14:29:00.092 [restartedMain] INFO o.a.c.c.StandardService - Starting service [Tomcat] 
2025-03-14T14:29:00.092 [restartedMain] INFO o.a.c.c.StandardEngine - Starting Servlet engine: [Apache Tomcat/10.1.36] 
2025-03-14T14:29:00.109 [restartedMain] INFO o.a.c.c.C.[.[.[/] - Initializing Spring embedded WebApplicationContext 
2025-03-14T14:29:00.109 [restartedMain] INFO o.s.b.w.s.c.ServletWebServerApplicationContext - Root WebApplicationContext: initialization completed in 301 ms 
2025-03-14T14:29:00.282 [restartedMain] INFO o.s.b.d.a.OptionalLiveReloadServer - LiveReload server is running on port 35729 
2025-03-14T14:29:00.295 [restartedMain] INFO o.a.c.h.Http11NioProtocol - Starting ProtocolHandler ["http-nio-8080"] 
2025-03-14T14:29:00.298 [restartedMain] INFO o.s.b.w.e.t.TomcatWebServer - Tomcat started on port 8080 (http) with context path '/' 
2025-03-14T14:29:00.304 [restartedMain] INFO c.t.TasteApplication - Started TasteApplication in 0.536 seconds (process running for 10454.951) 
2025-03-14T14:29:00.306 [restartedMain] INFO o.s.b.d.a.ConditionEvaluationDeltaLoggingListener - Condition evaluation unchanged 
2025-03-14T14:37:32.581 [File Watcher] INFO o.s.b.d.a.LocalDevToolsAutoConfiguration$RestartingClassPathChangeChangedEventListener - Restarting due to 1 class path change (0 additions, 0 deletions, 1 modification) 
2025-03-14T14:37:32.586 [Thread-175] INFO o.s.b.w.e.t.GracefulShutdown - Commencing graceful shutdown. Waiting for active requests to complete 
2025-03-14T14:37:32.587 [tomcat-shutdown] INFO o.a.c.h.Http11NioProtocol - Pausing ProtocolHandler ["http-nio-8080"] 
2025-03-14T14:37:32.590 [tomcat-shutdown] INFO o.s.b.w.e.t.GracefulShutdown - Graceful shutdown complete 
2025-03-14T14:37:32.591 [Thread-175] INFO o.a.c.h.Http11NioProtocol - Stopping ProtocolHandler ["http-nio-8080"] 
2025-03-14T14:37:32.734 [restartedMain] INFO c.t.TasteApplication - Starting TasteApplication using Java 21.0.5 with PID 1556 (C:\factory\ws_sts4_4270\repo_taste\taste\bin\main started by i7C-56 in C:\factory\ws_sts4_4270\repo_taste\taste) 
2025-03-14T14:37:32.735 [restartedMain] INFO c.t.TasteApplication - No active profile set, falling back to 1 default profile: "default" 
2025-03-14T14:37:33.148 [restartedMain] INFO o.s.b.w.e.t.TomcatWebServer - Tomcat initialized with port 8080 (http) 
2025-03-14T14:37:33.151 [restartedMain] INFO o.a.c.h.Http11NioProtocol - Initializing ProtocolHandler ["http-nio-8080"] 
2025-03-14T14:37:33.152 [restartedMain] INFO o.a.c.c.StandardService - Starting service [Tomcat] 
2025-03-14T14:37:33.152 [restartedMain] INFO o.a.c.c.StandardEngine - Starting Servlet engine: [Apache Tomcat/10.1.36] 
2025-03-14T14:37:33.175 [restartedMain] INFO o.a.c.c.C.[.[.[/] - Initializing Spring embedded WebApplicationContext 
2025-03-14T14:37:33.176 [restartedMain] INFO o.s.b.w.s.c.ServletWebServerApplicationContext - Root WebApplicationContext: initialization completed in 433 ms 
2025-03-14T14:37:33.452 [restartedMain] INFO o.s.b.d.a.OptionalLiveReloadServer - LiveReload server is running on port 35729 
2025-03-14T14:37:33.468 [restartedMain] INFO o.a.c.h.Http11NioProtocol - Starting ProtocolHandler ["http-nio-8080"] 
2025-03-14T14:37:33.477 [restartedMain] INFO o.s.b.w.e.t.TomcatWebServer - Tomcat started on port 8080 (http) with context path '/' 
2025-03-14T14:37:33.483 [restartedMain] INFO c.t.TasteApplication - Started TasteApplication in 0.85 seconds (process running for 10968.13) 
2025-03-14T14:37:33.485 [restartedMain] INFO o.s.b.d.a.ConditionEvaluationDeltaLoggingListener - Condition evaluation unchanged 
2025-03-14T14:39:54.677 [File Watcher] INFO o.s.b.d.a.LocalDevToolsAutoConfiguration$RestartingClassPathChangeChangedEventListener - Restarting due to 1 class path change (0 additions, 0 deletions, 1 modification) 
2025-03-14T14:39:54.678 [Thread-179] INFO o.s.b.w.e.t.GracefulShutdown - Commencing graceful shutdown. Waiting for active requests to complete 
2025-03-14T14:39:54.679 [tomcat-shutdown] INFO o.a.c.h.Http11NioProtocol - Pausing ProtocolHandler ["http-nio-8080"] 
2025-03-14T14:39:54.682 [tomcat-shutdown] INFO o.s.b.w.e.t.GracefulShutdown - Graceful shutdown complete 
2025-03-14T14:39:54.682 [Thread-179] INFO o.a.c.h.Http11NioProtocol - Stopping ProtocolHandler ["http-nio-8080"] 
2025-03-14T14:39:54.805 [restartedMain] INFO c.t.TasteApplication - Starting TasteApplication using Java 21.0.5 with PID 1556 (C:\factory\ws_sts4_4270\repo_taste\taste\bin\main started by i7C-56 in C:\factory\ws_sts4_4270\repo_taste\taste) 
2025-03-14T14:39:54.805 [restartedMain] INFO c.t.TasteApplication - No active profile set, falling back to 1 default profile: "default" 
2025-03-14T14:39:55.188 [restartedMain] INFO o.s.b.w.e.t.TomcatWebServer - Tomcat initialized with port 8080 (http) 
2025-03-14T14:39:55.191 [restartedMain] INFO o.a.c.h.Http11NioProtocol - Initializing ProtocolHandler ["http-nio-8080"] 
2025-03-14T14:39:55.191 [restartedMain] INFO o.a.c.c.StandardService - Starting service [Tomcat] 
2025-03-14T14:39:55.191 [restartedMain] INFO o.a.c.c.StandardEngine - Starting Servlet engine: [Apache Tomcat/10.1.36] 
2025-03-14T14:39:55.212 [restartedMain] INFO o.a.c.c.C.[.[.[/] - Initializing Spring embedded WebApplicationContext 
2025-03-14T14:39:55.212 [restartedMain] INFO o.s.b.w.s.c.ServletWebServerApplicationContext - Root WebApplicationContext: initialization completed in 402 ms 
2025-03-14T14:39:55.475 [restartedMain] INFO o.s.b.d.a.OptionalLiveReloadServer - LiveReload server is running on port 35729 
2025-03-14T14:39:55.487 [restartedMain] INFO o.a.c.h.Http11NioProtocol - Starting ProtocolHandler ["http-nio-8080"] 
2025-03-14T14:39:55.491 [restartedMain] INFO o.s.b.w.e.t.TomcatWebServer - Tomcat started on port 8080 (http) with context path '/' 
2025-03-14T14:39:55.497 [restartedMain] INFO c.t.TasteApplication - Started TasteApplication in 0.774 seconds (process running for 11110.144) 
2025-03-14T14:39:55.500 [restartedMain] INFO o.s.b.d.a.ConditionEvaluationDeltaLoggingListener - Condition evaluation unchanged 
2025-03-14T14:40:36.956 [File Watcher] INFO o.s.b.d.a.LocalDevToolsAutoConfiguration$RestartingClassPathChangeChangedEventListener - Restarting due to 1 class path change (0 additions, 0 deletions, 1 modification) 
2025-03-14T14:40:36.957 [Thread-183] INFO o.s.b.w.e.t.GracefulShutdown - Commencing graceful shutdown. Waiting for active requests to complete 
2025-03-14T14:40:36.958 [tomcat-shutdown] INFO o.a.c.h.Http11NioProtocol - Pausing ProtocolHandler ["http-nio-8080"] 
2025-03-14T14:40:36.960 [tomcat-shutdown] INFO o.s.b.w.e.t.GracefulShutdown - Graceful shutdown complete 
2025-03-14T14:40:36.961 [Thread-183] INFO o.a.c.h.Http11NioProtocol - Stopping ProtocolHandler ["http-nio-8080"] 
2025-03-14T14:40:37.044 [restartedMain] INFO c.t.TasteApplication - Starting TasteApplication using Java 21.0.5 with PID 1556 (C:\factory\ws_sts4_4270\repo_taste\taste\bin\main started by i7C-56 in C:\factory\ws_sts4_4270\repo_taste\taste) 
2025-03-14T14:40:37.045 [restartedMain] INFO c.t.TasteApplication - No active profile set, falling back to 1 default profile: "default" 
2025-03-14T14:40:37.279 [restartedMain] INFO o.s.b.w.e.t.TomcatWebServer - Tomcat initialized with port 8080 (http) 
2025-03-14T14:40:37.281 [restartedMain] INFO o.a.c.h.Http11NioProtocol - Initializing ProtocolHandler ["http-nio-8080"] 
2025-03-14T14:40:37.281 [restartedMain] INFO o.a.c.c.StandardService - Starting service [Tomcat] 
2025-03-14T14:40:37.281 [restartedMain] INFO o.a.c.c.StandardEngine - Starting Servlet engine: [Apache Tomcat/10.1.36] 
2025-03-14T14:40:37.301 [restartedMain] INFO o.a.c.c.C.[.[.[/] - Initializing Spring embedded WebApplicationContext 
2025-03-14T14:40:37.301 [restartedMain] INFO o.s.b.w.s.c.ServletWebServerApplicationContext - Root WebApplicationContext: initialization completed in 253 ms 
2025-03-14T14:40:37.459 [restartedMain] INFO o.s.b.d.a.OptionalLiveReloadServer - LiveReload server is running on port 35729 
2025-03-14T14:40:37.469 [restartedMain] INFO o.a.c.h.Http11NioProtocol - Starting ProtocolHandler ["http-nio-8080"] 
2025-03-14T14:40:37.472 [restartedMain] INFO o.s.b.w.e.t.TomcatWebServer - Tomcat started on port 8080 (http) with context path '/' 
2025-03-14T14:40:37.476 [restartedMain] INFO c.t.TasteApplication - Started TasteApplication in 0.476 seconds (process running for 11152.123) 
2025-03-14T14:40:37.480 [restartedMain] INFO o.s.b.d.a.ConditionEvaluationDeltaLoggingListener - Condition evaluation unchanged 
2025-03-14T14:42:05.622 [File Watcher] INFO o.s.b.d.a.LocalDevToolsAutoConfiguration$RestartingClassPathChangeChangedEventListener - Restarting due to 1 class path change (0 additions, 0 deletions, 1 modification) 
2025-03-14T14:42:05.624 [Thread-187] INFO o.s.b.w.e.t.GracefulShutdown - Commencing graceful shutdown. Waiting for active requests to complete 
2025-03-14T14:42:05.625 [tomcat-shutdown] INFO o.a.c.h.Http11NioProtocol - Pausing ProtocolHandler ["http-nio-8080"] 
2025-03-14T14:42:05.627 [tomcat-shutdown] INFO o.s.b.w.e.t.GracefulShutdown - Graceful shutdown complete 
2025-03-14T14:42:05.628 [Thread-187] INFO o.a.c.h.Http11NioProtocol - Stopping ProtocolHandler ["http-nio-8080"] 
2025-03-14T14:42:05.725 [restartedMain] INFO c.t.TasteApplication - Starting TasteApplication using Java 21.0.5 with PID 1556 (C:\factory\ws_sts4_4270\repo_taste\taste\bin\main started by i7C-56 in C:\factory\ws_sts4_4270\repo_taste\taste) 
2025-03-14T14:42:05.725 [restartedMain] INFO c.t.TasteApplication - No active profile set, falling back to 1 default profile: "default" 
2025-03-14T14:42:06.161 [restartedMain] INFO o.s.b.w.e.t.TomcatWebServer - Tomcat initialized with port 8080 (http) 
2025-03-14T14:42:06.164 [restartedMain] INFO o.a.c.h.Http11NioProtocol - Initializing ProtocolHandler ["http-nio-8080"] 
2025-03-14T14:42:06.164 [restartedMain] INFO o.a.c.c.StandardService - Starting service [Tomcat] 
2025-03-14T14:42:06.164 [restartedMain] INFO o.a.c.c.StandardEngine - Starting Servlet engine: [Apache Tomcat/10.1.36] 
2025-03-14T14:42:06.185 [restartedMain] INFO o.a.c.c.C.[.[.[/] - Initializing Spring embedded WebApplicationContext 
2025-03-14T14:42:06.186 [restartedMain] INFO o.s.b.w.s.c.ServletWebServerApplicationContext - Root WebApplicationContext: initialization completed in 458 ms 
2025-03-14T14:42:06.384 [restartedMain] INFO o.s.b.d.a.OptionalLiveReloadServer - LiveReload server is running on port 35729 
2025-03-14T14:42:06.393 [restartedMain] INFO o.a.c.h.Http11NioProtocol - Starting ProtocolHandler ["http-nio-8080"] 
2025-03-14T14:42:06.398 [restartedMain] INFO o.s.b.w.e.t.TomcatWebServer - Tomcat started on port 8080 (http) with context path '/' 
2025-03-14T14:42:06.403 [restartedMain] INFO c.t.TasteApplication - Started TasteApplication in 0.736 seconds (process running for 11241.05) 
2025-03-14T14:42:06.406 [restartedMain] INFO o.s.b.d.a.ConditionEvaluationDeltaLoggingListener - Condition evaluation unchanged 
2025-03-14T14:42:08.008 [File Watcher] INFO o.s.b.d.a.LocalDevToolsAutoConfiguration$RestartingClassPathChangeChangedEventListener - Restarting due to 1 class path change (0 additions, 0 deletions, 1 modification) 
2025-03-14T14:42:08.009 [Thread-191] INFO o.s.b.w.e.t.GracefulShutdown - Commencing graceful shutdown. Waiting for active requests to complete 
2025-03-14T14:42:08.010 [tomcat-shutdown] INFO o.a.c.h.Http11NioProtocol - Pausing ProtocolHandler ["http-nio-8080"] 
2025-03-14T14:42:08.012 [tomcat-shutdown] INFO o.s.b.w.e.t.GracefulShutdown - Graceful shutdown complete 
2025-03-14T14:42:08.013 [Thread-191] INFO o.a.c.h.Http11NioProtocol - Stopping ProtocolHandler ["http-nio-8080"] 
2025-03-14T14:42:08.094 [restartedMain] INFO c.t.TasteApplication - Starting TasteApplication using Java 21.0.5 with PID 1556 (C:\factory\ws_sts4_4270\repo_taste\taste\bin\main started by i7C-56 in C:\factory\ws_sts4_4270\repo_taste\taste) 
2025-03-14T14:42:08.094 [restartedMain] INFO c.t.TasteApplication - No active profile set, falling back to 1 default profile: "default" 
2025-03-14T14:42:08.338 [restartedMain] INFO o.s.b.w.e.t.TomcatWebServer - Tomcat initialized with port 8080 (http) 
2025-03-14T14:42:08.339 [restartedMain] INFO o.a.c.h.Http11NioProtocol - Initializing ProtocolHandler ["http-nio-8080"] 
2025-03-14T14:42:08.339 [restartedMain] INFO o.a.c.c.StandardService - Starting service [Tomcat] 
2025-03-14T14:42:08.339 [restartedMain] INFO o.a.c.c.StandardEngine - Starting Servlet engine: [Apache Tomcat/10.1.36] 
2025-03-14T14:42:08.359 [restartedMain] INFO o.a.c.c.C.[.[.[/] - Initializing Spring embedded WebApplicationContext 
2025-03-14T14:42:08.359 [restartedMain] INFO o.s.b.w.s.c.ServletWebServerApplicationContext - Root WebApplicationContext: initialization completed in 262 ms 
2025-03-14T14:42:08.507 [restartedMain] INFO o.s.b.d.a.OptionalLiveReloadServer - LiveReload server is running on port 35729 
2025-03-14T14:42:08.515 [restartedMain] INFO o.a.c.h.Http11NioProtocol - Starting ProtocolHandler ["http-nio-8080"] 
2025-03-14T14:42:08.520 [restartedMain] INFO o.s.b.w.e.t.TomcatWebServer - Tomcat started on port 8080 (http) with context path '/' 
2025-03-14T14:42:08.524 [restartedMain] INFO c.t.TasteApplication - Started TasteApplication in 0.471 seconds (process running for 11243.171) 
2025-03-14T14:42:08.525 [restartedMain] INFO o.s.b.d.a.ConditionEvaluationDeltaLoggingListener - Condition evaluation unchanged 
2025-03-14T14:42:24.572 [File Watcher] INFO o.s.b.d.a.LocalDevToolsAutoConfiguration$RestartingClassPathChangeChangedEventListener - Restarting due to 1 class path change (0 additions, 0 deletions, 1 modification) 
2025-03-14T14:42:24.573 [Thread-195] INFO o.s.b.w.e.t.GracefulShutdown - Commencing graceful shutdown. Waiting for active requests to complete 
2025-03-14T14:42:24.573 [tomcat-shutdown] INFO o.a.c.h.Http11NioProtocol - Pausing ProtocolHandler ["http-nio-8080"] 
2025-03-14T14:42:24.576 [tomcat-shutdown] INFO o.s.b.w.e.t.GracefulShutdown - Graceful shutdown complete 
2025-03-14T14:42:24.576 [Thread-195] INFO o.a.c.h.Http11NioProtocol - Stopping ProtocolHandler ["http-nio-8080"] 
2025-03-14T14:42:24.655 [restartedMain] INFO c.t.TasteApplication - Starting TasteApplication using Java 21.0.5 with PID 1556 (C:\factory\ws_sts4_4270\repo_taste\taste\bin\main started by i7C-56 in C:\factory\ws_sts4_4270\repo_taste\taste) 
2025-03-14T14:42:24.656 [restartedMain] INFO c.t.TasteApplication - No active profile set, falling back to 1 default profile: "default" 
2025-03-14T14:42:24.876 [restartedMain] INFO o.s.b.w.e.t.TomcatWebServer - Tomcat initialized with port 8080 (http) 
2025-03-14T14:42:24.877 [restartedMain] INFO o.a.c.h.Http11NioProtocol - Initializing ProtocolHandler ["http-nio-8080"] 
2025-03-14T14:42:24.877 [restartedMain] INFO o.a.c.c.StandardService - Starting service [Tomcat] 
2025-03-14T14:42:24.877 [restartedMain] INFO o.a.c.c.StandardEngine - Starting Servlet engine: [Apache Tomcat/10.1.36] 
2025-03-14T14:42:24.900 [restartedMain] INFO o.a.c.c.C.[.[.[/] - Initializing Spring embedded WebApplicationContext 
2025-03-14T14:42:24.900 [restartedMain] INFO o.s.b.w.s.c.ServletWebServerApplicationContext - Root WebApplicationContext: initialization completed in 242 ms 
2025-03-14T14:42:25.050 [restartedMain] INFO o.s.b.d.a.OptionalLiveReloadServer - LiveReload server is running on port 35729 
2025-03-14T14:42:25.058 [restartedMain] INFO o.a.c.h.Http11NioProtocol - Starting ProtocolHandler ["http-nio-8080"] 
2025-03-14T14:42:25.061 [restartedMain] INFO o.s.b.w.e.t.TomcatWebServer - Tomcat started on port 8080 (http) with context path '/' 
2025-03-14T14:42:25.065 [restartedMain] INFO c.t.TasteApplication - Started TasteApplication in 0.447 seconds (process running for 11259.712) 
2025-03-14T14:42:25.067 [restartedMain] INFO o.s.b.d.a.ConditionEvaluationDeltaLoggingListener - Condition evaluation unchanged 
2025-03-14T14:42:47.769 [File Watcher] INFO o.s.b.d.a.LocalDevToolsAutoConfiguration$RestartingClassPathChangeChangedEventListener - Restarting due to 1 class path change (0 additions, 0 deletions, 1 modification) 
2025-03-14T14:42:47.770 [Thread-199] INFO o.s.b.w.e.t.GracefulShutdown - Commencing graceful shutdown. Waiting for active requests to complete 
2025-03-14T14:42:47.771 [tomcat-shutdown] INFO o.a.c.h.Http11NioProtocol - Pausing ProtocolHandler ["http-nio-8080"] 
2025-03-14T14:42:47.773 [tomcat-shutdown] INFO o.s.b.w.e.t.GracefulShutdown - Graceful shutdown complete 
2025-03-14T14:42:47.774 [Thread-199] INFO o.a.c.h.Http11NioProtocol - Stopping ProtocolHandler ["http-nio-8080"] 
2025-03-14T14:42:47.848 [restartedMain] INFO c.t.TasteApplication - Starting TasteApplication using Java 21.0.5 with PID 1556 (C:\factory\ws_sts4_4270\repo_taste\taste\bin\main started by i7C-56 in C:\factory\ws_sts4_4270\repo_taste\taste) 
2025-03-14T14:42:47.848 [restartedMain] INFO c.t.TasteApplication - No active profile set, falling back to 1 default profile: "default" 
2025-03-14T14:42:48.067 [restartedMain] INFO o.s.b.w.e.t.TomcatWebServer - Tomcat initialized with port 8080 (http) 
2025-03-14T14:42:48.068 [restartedMain] INFO o.a.c.h.Http11NioProtocol - Initializing ProtocolHandler ["http-nio-8080"] 
2025-03-14T14:42:48.068 [restartedMain] INFO o.a.c.c.StandardService - Starting service [Tomcat] 
2025-03-14T14:42:48.068 [restartedMain] INFO o.a.c.c.StandardEngine - Starting Servlet engine: [Apache Tomcat/10.1.36] 
2025-03-14T14:42:48.085 [restartedMain] INFO o.a.c.c.C.[.[.[/] - Initializing Spring embedded WebApplicationContext 
2025-03-14T14:42:48.085 [restartedMain] INFO o.s.b.w.s.c.ServletWebServerApplicationContext - Root WebApplicationContext: initialization completed in 235 ms 
2025-03-14T14:42:48.221 [restartedMain] INFO o.s.b.d.a.OptionalLiveReloadServer - LiveReload server is running on port 35729 
2025-03-14T14:42:48.232 [restartedMain] INFO o.a.c.h.Http11NioProtocol - Starting ProtocolHandler ["http-nio-8080"] 
2025-03-14T14:42:48.235 [restartedMain] INFO o.s.b.w.e.t.TomcatWebServer - Tomcat started on port 8080 (http) with context path '/' 
2025-03-14T14:42:48.240 [restartedMain] INFO c.t.TasteApplication - Started TasteApplication in 0.428 seconds (process running for 11282.886) 
2025-03-14T14:42:48.242 [restartedMain] INFO o.s.b.d.a.ConditionEvaluationDeltaLoggingListener - Condition evaluation unchanged 
2025-03-14T14:42:50.993 [File Watcher] INFO o.s.b.d.a.LocalDevToolsAutoConfiguration$RestartingClassPathChangeChangedEventListener - Restarting due to 1 class path change (0 additions, 0 deletions, 1 modification) 
2025-03-14T14:42:50.994 [Thread-203] INFO o.s.b.w.e.t.GracefulShutdown - Commencing graceful shutdown. Waiting for active requests to complete 
2025-03-14T14:42:50.995 [tomcat-shutdown] INFO o.a.c.h.Http11NioProtocol - Pausing ProtocolHandler ["http-nio-8080"] 
2025-03-14T14:42:50.998 [tomcat-shutdown] INFO o.s.b.w.e.t.GracefulShutdown - Graceful shutdown complete 
2025-03-14T14:42:50.998 [Thread-203] INFO o.a.c.h.Http11NioProtocol - Stopping ProtocolHandler ["http-nio-8080"] 
2025-03-14T14:42:51.070 [restartedMain] INFO c.t.TasteApplication - Starting TasteApplication using Java 21.0.5 with PID 1556 (C:\factory\ws_sts4_4270\repo_taste\taste\bin\main started by i7C-56 in C:\factory\ws_sts4_4270\repo_taste\taste) 
2025-03-14T14:42:51.071 [restartedMain] INFO c.t.TasteApplication - No active profile set, falling back to 1 default profile: "default" 
2025-03-14T14:42:51.278 [restartedMain] INFO o.s.b.w.e.t.TomcatWebServer - Tomcat initialized with port 8080 (http) 
2025-03-14T14:42:51.279 [restartedMain] INFO o.a.c.h.Http11NioProtocol - Initializing ProtocolHandler ["http-nio-8080"] 
2025-03-14T14:42:51.279 [restartedMain] INFO o.a.c.c.StandardService - Starting service [Tomcat] 
2025-03-14T14:42:51.279 [restartedMain] INFO o.a.c.c.StandardEngine - Starting Servlet engine: [Apache Tomcat/10.1.36] 
2025-03-14T14:42:51.295 [restartedMain] INFO o.a.c.c.C.[.[.[/] - Initializing Spring embedded WebApplicationContext 
2025-03-14T14:42:51.295 [restartedMain] INFO o.s.b.w.s.c.ServletWebServerApplicationContext - Root WebApplicationContext: initialization completed in 222 ms 
2025-03-14T14:42:51.430 [restartedMain] INFO o.s.b.d.a.OptionalLiveReloadServer - LiveReload server is running on port 35729 
2025-03-14T14:42:51.438 [restartedMain] INFO o.a.c.h.Http11NioProtocol - Starting ProtocolHandler ["http-nio-8080"] 
2025-03-14T14:42:51.441 [restartedMain] INFO o.s.b.w.e.t.TomcatWebServer - Tomcat started on port 8080 (http) with context path '/' 
2025-03-14T14:42:51.444 [restartedMain] INFO c.t.TasteApplication - Started TasteApplication in 0.404 seconds (process running for 11286.091) 
2025-03-14T14:42:51.446 [restartedMain] INFO o.s.b.d.a.ConditionEvaluationDeltaLoggingListener - Condition evaluation unchanged 
2025-03-14T14:44:03.107 [File Watcher] INFO o.s.b.d.a.LocalDevToolsAutoConfiguration$RestartingClassPathChangeChangedEventListener - Restarting due to 1 class path change (0 additions, 0 deletions, 1 modification) 
2025-03-14T14:44:03.109 [Thread-207] INFO o.s.b.w.e.t.GracefulShutdown - Commencing graceful shutdown. Waiting for active requests to complete 
2025-03-14T14:44:03.109 [tomcat-shutdown] INFO o.a.c.h.Http11NioProtocol - Pausing ProtocolHandler ["http-nio-8080"] 
2025-03-14T14:44:03.112 [tomcat-shutdown] INFO o.s.b.w.e.t.GracefulShutdown - Graceful shutdown complete 
2025-03-14T14:44:03.112 [Thread-207] INFO o.a.c.h.Http11NioProtocol - Stopping ProtocolHandler ["http-nio-8080"] 
2025-03-14T14:44:03.188 [restartedMain] INFO c.t.TasteApplication - Starting TasteApplication using Java 21.0.5 with PID 1556 (C:\factory\ws_sts4_4270\repo_taste\taste\bin\main started by i7C-56 in C:\factory\ws_sts4_4270\repo_taste\taste) 
2025-03-14T14:44:03.189 [restartedMain] INFO c.t.TasteApplication - No active profile set, falling back to 1 default profile: "default" 
2025-03-14T14:44:03.432 [restartedMain] INFO o.s.b.w.e.t.TomcatWebServer - Tomcat initialized with port 8080 (http) 
2025-03-14T14:44:03.434 [restartedMain] INFO o.a.c.h.Http11NioProtocol - Initializing ProtocolHandler ["http-nio-8080"] 
2025-03-14T14:44:03.435 [restartedMain] INFO o.a.c.c.StandardService - Starting service [Tomcat] 
2025-03-14T14:44:03.435 [restartedMain] INFO o.a.c.c.StandardEngine - Starting Servlet engine: [Apache Tomcat/10.1.36] 
2025-03-14T14:44:03.452 [restartedMain] INFO o.a.c.c.C.[.[.[/] - Initializing Spring embedded WebApplicationContext 
2025-03-14T14:44:03.452 [restartedMain] INFO o.s.b.w.s.c.ServletWebServerApplicationContext - Root WebApplicationContext: initialization completed in 261 ms 
2025-03-14T14:44:03.630 [restartedMain] INFO o.s.b.d.a.OptionalLiveReloadServer - LiveReload server is running on port 35729 
2025-03-14T14:44:03.642 [restartedMain] INFO o.a.c.h.Http11NioProtocol - Starting ProtocolHandler ["http-nio-8080"] 
2025-03-14T14:44:03.645 [restartedMain] INFO o.s.b.w.e.t.TomcatWebServer - Tomcat started on port 8080 (http) with context path '/' 
2025-03-14T14:44:03.652 [restartedMain] INFO c.t.TasteApplication - Started TasteApplication in 0.5 seconds (process running for 11358.299) 
2025-03-14T14:44:03.654 [restartedMain] INFO o.s.b.d.a.ConditionEvaluationDeltaLoggingListener - Condition evaluation unchanged 
2025-03-14T14:45:23.808 [File Watcher] INFO o.s.b.d.a.LocalDevToolsAutoConfiguration$RestartingClassPathChangeChangedEventListener - Restarting due to 1 class path change (0 additions, 0 deletions, 1 modification) 
2025-03-14T14:45:23.809 [Thread-211] INFO o.s.b.w.e.t.GracefulShutdown - Commencing graceful shutdown. Waiting for active requests to complete 
2025-03-14T14:45:23.809 [tomcat-shutdown] INFO o.a.c.h.Http11NioProtocol - Pausing ProtocolHandler ["http-nio-8080"] 
2025-03-14T14:45:23.812 [tomcat-shutdown] INFO o.s.b.w.e.t.GracefulShutdown - Graceful shutdown complete 
2025-03-14T14:45:23.812 [Thread-211] INFO o.a.c.h.Http11NioProtocol - Stopping ProtocolHandler ["http-nio-8080"] 
2025-03-14T14:45:23.914 [restartedMain] INFO c.t.TasteApplication - Starting TasteApplication using Java 21.0.5 with PID 1556 (C:\factory\ws_sts4_4270\repo_taste\taste\bin\main started by i7C-56 in C:\factory\ws_sts4_4270\repo_taste\taste) 
2025-03-14T14:45:23.914 [restartedMain] INFO c.t.TasteApplication - No active profile set, falling back to 1 default profile: "default" 
2025-03-14T14:45:24.171 [restartedMain] INFO o.s.b.w.e.t.TomcatWebServer - Tomcat initialized with port 8080 (http) 
2025-03-14T14:45:24.174 [restartedMain] INFO o.a.c.h.Http11NioProtocol - Initializing ProtocolHandler ["http-nio-8080"] 
2025-03-14T14:45:24.174 [restartedMain] INFO o.a.c.c.StandardService - Starting service [Tomcat] 
2025-03-14T14:45:24.174 [restartedMain] INFO o.a.c.c.StandardEngine - Starting Servlet engine: [Apache Tomcat/10.1.36] 
2025-03-14T14:45:24.191 [restartedMain] INFO o.a.c.c.C.[.[.[/] - Initializing Spring embedded WebApplicationContext 
2025-03-14T14:45:24.191 [restartedMain] INFO o.s.b.w.s.c.ServletWebServerApplicationContext - Root WebApplicationContext: initialization completed in 274 ms 
2025-03-14T14:45:24.355 [restartedMain] INFO o.s.b.d.a.OptionalLiveReloadServer - LiveReload server is running on port 35729 
2025-03-14T14:45:24.366 [restartedMain] INFO o.a.c.h.Http11NioProtocol - Starting ProtocolHandler ["http-nio-8080"] 
2025-03-14T14:45:24.369 [restartedMain] INFO o.s.b.w.e.t.TomcatWebServer - Tomcat started on port 8080 (http) with context path '/' 
2025-03-14T14:45:24.374 [restartedMain] INFO c.t.TasteApplication - Started TasteApplication in 0.518 seconds (process running for 11439.022) 
2025-03-14T14:45:24.376 [restartedMain] INFO o.s.b.d.a.ConditionEvaluationDeltaLoggingListener - Condition evaluation unchanged 
2025-03-14T14:45:33.765 [File Watcher] INFO o.s.b.d.a.LocalDevToolsAutoConfiguration$RestartingClassPathChangeChangedEventListener - Restarting due to 1 class path change (0 additions, 0 deletions, 1 modification) 
2025-03-14T14:45:33.766 [Thread-215] INFO o.s.b.w.e.t.GracefulShutdown - Commencing graceful shutdown. Waiting for active requests to complete 
2025-03-14T14:45:33.766 [tomcat-shutdown] INFO o.a.c.h.Http11NioProtocol - Pausing ProtocolHandler ["http-nio-8080"] 
2025-03-14T14:45:33.769 [tomcat-shutdown] INFO o.s.b.w.e.t.GracefulShutdown - Graceful shutdown complete 
2025-03-14T14:45:33.769 [Thread-215] INFO o.a.c.h.Http11NioProtocol - Stopping ProtocolHandler ["http-nio-8080"] 
2025-03-14T14:45:33.845 [restartedMain] INFO c.t.TasteApplication - Starting TasteApplication using Java 21.0.5 with PID 1556 (C:\factory\ws_sts4_4270\repo_taste\taste\bin\main started by i7C-56 in C:\factory\ws_sts4_4270\repo_taste\taste) 
2025-03-14T14:45:33.845 [restartedMain] INFO c.t.TasteApplication - No active profile set, falling back to 1 default profile: "default" 
2025-03-14T14:45:34.066 [restartedMain] INFO o.s.b.w.e.t.TomcatWebServer - Tomcat initialized with port 8080 (http) 
2025-03-14T14:45:34.067 [restartedMain] INFO o.a.c.h.Http11NioProtocol - Initializing ProtocolHandler ["http-nio-8080"] 
2025-03-14T14:45:34.067 [restartedMain] INFO o.a.c.c.StandardService - Starting service [Tomcat] 
2025-03-14T14:45:34.067 [restartedMain] INFO o.a.c.c.StandardEngine - Starting Servlet engine: [Apache Tomcat/10.1.36] 
2025-03-14T14:45:34.083 [restartedMain] INFO o.a.c.c.C.[.[.[/] - Initializing Spring embedded WebApplicationContext 
2025-03-14T14:45:34.084 [restartedMain] INFO o.s.b.w.s.c.ServletWebServerApplicationContext - Root WebApplicationContext: initialization completed in 237 ms 
2025-03-14T14:45:34.230 [restartedMain] INFO o.s.b.d.a.OptionalLiveReloadServer - LiveReload server is running on port 35729 
2025-03-14T14:45:34.238 [restartedMain] INFO o.a.c.h.Http11NioProtocol - Starting ProtocolHandler ["http-nio-8080"] 
2025-03-14T14:45:34.241 [restartedMain] INFO o.s.b.w.e.t.TomcatWebServer - Tomcat started on port 8080 (http) with context path '/' 
2025-03-14T14:45:34.247 [restartedMain] INFO c.t.TasteApplication - Started TasteApplication in 0.435 seconds (process running for 11448.894) 
2025-03-14T14:45:34.249 [restartedMain] INFO o.s.b.d.a.ConditionEvaluationDeltaLoggingListener - Condition evaluation unchanged 
2025-03-14T14:47:07.097 [restartedMain] INFO c.t.TasteApplication - Starting TasteApplication using Java 21.0.5 with PID 10252 (C:\factory\ws_sts4_4270\repo_taste\taste\bin\main started by i7C-56 in C:\factory\ws_sts4_4270\repo_taste\taste) 
2025-03-14T14:47:07.099 [restartedMain] INFO c.t.TasteApplication - No active profile set, falling back to 1 default profile: "default" 
2025-03-14T14:47:07.148 [restartedMain] INFO o.s.b.d.e.DevToolsPropertyDefaultsPostProcessor - Devtools property defaults active! Set 'spring.devtools.add-properties' to 'false' to disable 
2025-03-14T14:47:07.149 [restartedMain] INFO o.s.b.d.e.DevToolsPropertyDefaultsPostProcessor - For additional web related logging consider setting the 'logging.level.web' property to 'DEBUG' 
2025-03-14T14:47:08.358 [restartedMain] INFO o.s.b.w.e.t.TomcatWebServer - Tomcat initialized with port 8080 (http) 
2025-03-14T14:47:08.372 [restartedMain] INFO o.a.c.h.Http11NioProtocol - Initializing ProtocolHandler ["http-nio-8080"] 
2025-03-14T14:47:08.374 [restartedMain] INFO o.a.c.c.StandardService - Starting service [Tomcat] 
2025-03-14T14:47:08.374 [restartedMain] INFO o.a.c.c.StandardEngine - Starting Servlet engine: [Apache Tomcat/10.1.36] 
2025-03-14T14:47:08.427 [restartedMain] INFO o.a.c.c.C.[.[.[/] - Initializing Spring embedded WebApplicationContext 
2025-03-14T14:47:08.427 [restartedMain] INFO o.s.b.w.s.c.ServletWebServerApplicationContext - Root WebApplicationContext: initialization completed in 1278 ms 
2025-03-14T14:47:09.240 [restartedMain] WARN o.s.b.d.a.OptionalLiveReloadServer - Unable to start LiveReload server 
2025-03-14T14:47:09.260 [restartedMain] INFO o.a.c.h.Http11NioProtocol - Starting ProtocolHandler ["http-nio-8080"] 
2025-03-14T14:47:09.266 [restartedMain] WARN o.s.b.w.s.c.AnnotationConfigServletWebServerApplicationContext - Exception encountered during context initialization - cancelling refresh attempt: org.springframework.context.ApplicationContextException: Failed to start bean 'webServerStartStop' 
2025-03-14T14:47:09.288 [restartedMain] INFO o.s.b.a.l.ConditionEvaluationReportLogger - 

Error starting ApplicationContext. To display the condition evaluation report re-run your application with 'debug' enabled. 
2025-03-14T14:47:09.309 [restartedMain] ERROR o.s.b.d.LoggingFailureAnalysisReporter - 

***************************
APPLICATION FAILED TO START
***************************

Description:

Web server failed to start. Port 8080 was already in use.

Action:

Identify and stop the process that's listening on port 8080 or configure this application to listen on another port.
 
2025-03-14T14:47:55.978 [http-nio-8080-exec-1] INFO o.a.c.c.C.[.[.[/] - Initializing Spring DispatcherServlet 'dispatcherServlet' 
2025-03-14T14:47:55.978 [http-nio-8080-exec-1] INFO o.s.w.s.DispatcherServlet - Initializing Servlet 'dispatcherServlet' 
2025-03-14T14:47:55.979 [http-nio-8080-exec-1] INFO o.s.w.s.DispatcherServlet - Completed initialization in 1 ms 
2025-03-14T14:48:01.009 [http-nio-8080-exec-6] INFO c.z.h.HikariDataSource - HikariPool-11 - Starting... 
2025-03-14T14:48:01.121 [http-nio-8080-exec-6] INFO c.z.h.p.HikariPool - HikariPool-11 - Added connection net.sf.log4jdbc.sql.jdbcapi.ConnectionSpy@75486eab 
2025-03-14T14:48:01.121 [http-nio-8080-exec-6] INFO c.z.h.HikariDataSource - HikariPool-11 - Start completed. 
2025-03-14T14:48:01.147 [http-nio-8080-exec-6] DEBUG j.sqltiming -  com.zaxxer.hikari.pool.ProxyPreparedStatement.execute(ProxyPreparedStatement.java:44)
121. SELECT COUNT(*)

		FROM codegroup a
		WHERE 1=1
 {executed in 22 msec} 
2025-03-14T14:48:01.158 [http-nio-8080-exec-6] DEBUG j.sqltiming -  com.zaxxer.hikari.pool.ProxyPreparedStatement.execute(ProxyPreparedStatement.java:44)
121. SELECT

			a.ifcgseq,
			a.ifcgUseNy,
			a.ifcgCode,
			a.ifcgName,
			a.ifcgAnotherCode,
			a.ifcgDelNy

		FROM codegroup a
		WHERE 1=1

		ORDER BY a.ifcgseq DESC
 {executed in 3 msec} 
2025-03-14T14:56:29.303 [http-nio-8080-exec-8] DEBUG j.sqltiming -  com.zaxxer.hikari.pool.ProxyPreparedStatement.execute(ProxyPreparedStatement.java:44)
121. SELECT COUNT(*)

		FROM codegroup a
		WHERE 1=1
 {executed in 7 msec} 
2025-03-14T14:56:29.309 [http-nio-8080-exec-8] DEBUG j.sqltiming -  com.zaxxer.hikari.pool.ProxyPreparedStatement.execute(ProxyPreparedStatement.java:44)
121. SELECT

			a.ifcgseq,
			a.ifcgUseNy,
			a.ifcgCode,
			a.ifcgName,
			a.ifcgAnotherCode,
			a.ifcgDelNy

		FROM codegroup a
		WHERE 1=1

		ORDER BY a.ifcgseq DESC
 {executed in 3 msec} 
2025-03-14T14:56:42.543 [http-nio-8080-exec-4] DEBUG j.sqltiming -  com.zaxxer.hikari.pool.ProxyPreparedStatement.execute(ProxyPreparedStatement.java:44)
121. INSERT INTO codegroup(
		ifcgUseNy,
		ifcgCode,
		ifcgName,
		ifcgAnotherCode,
		ifcgDelNy
	) values(
		NULL,
	    NULL,
	    NULL,
	    NULL,
	    NULL
	)
 {executed in 25 msec} 
2025-03-14T14:57:55.670 [http-nio-8080-exec-9] DEBUG j.sqltiming -  com.zaxxer.hikari.pool.ProxyPreparedStatement.execute(ProxyPreparedStatement.java:44)
121. INSERT INTO codegroup(
		ifcgUseNy,
		ifcgCode,
		ifcgName,
		ifcgAnotherCode,
		ifcgDelNy
	) values(
		NULL,
	    NULL,
	    NULL,
	    NULL,
	    NULL
	)
 {executed in 6 msec} 
2025-03-14T14:58:06.109 [http-nio-8080-exec-2] DEBUG j.sqltiming -  com.zaxxer.hikari.pool.ProxyPreparedStatement.execute(ProxyPreparedStatement.java:44)
121. INSERT INTO codegroup(
		ifcgUseNy,
		ifcgCode,
		ifcgName,
		ifcgAnotherCode,
		ifcgDelNy
	) values(
		NULL,
	    NULL,
	    NULL,
	    NULL,
	    NULL
	)
 {executed in 5 msec} 
